<?xml version="1.0" encoding="UTF-8"?>
<testsuite name="hz202.hwk2.AppTest" tests="1" skipped="0" failures="0" errors="0" timestamp="2020-02-21T04:06:54" hostname="zhm2go-VirtualBox" time="4.529">
  <properties/>
  <testcase name="appHasAGreeting()" classname="hz202.hwk2.AppTest" time="4.529"/>
  <system-out><![CDATA[Welcome to Sally's stash.Please choose from the following modes:
		A. player vs player
		B. player vs computer
		C. computer vs player
		D. computer vs. computer
Invalid command!
Invalid command!
Player A, you are going place Sally’s stash on the board. Make sure Player B isn’t looking! For each stack, type the coordinate of the upper left side of the stash, followed by either H (for horizontal) or V (for vertical) for green and purple ones, and U (for up) or R (for right) or D (for down) or L (for left) for red and blue ones. For example, M4H would place a stack horizontally starting at M4 and going to the right. You have
		2 Green stacks that are 1x2
		3 Purple stacks that are 1x3
		3 Red superstacks that are T-shape
		3 Blue crazystacks that are Z-shape

________________________________________________________
Press any key if you are ready:
________________________________________________________
player A's turn:
     Your tree                     Player B's tree
  0|1|2|3|4|5|6|7|8|9              0|1|2|3|4|5|6|7|8|9  
A  | | | | | | | | |  A          A  | | | | | | | | |  A
B  | | | | | | | | |  B          B  | | | | | | | | |  B
C  | | | | | | | | |  C          C  | | | | | | | | |  C
D  | | | | | | | | |  D          D  | | | | | | | | |  D
E  | | | | | | | | |  E          E  | | | | | | | | |  E
F  | | | | | | | | |  F          F  | | | | | | | | |  F
G  | | | | | | | | |  G          G  | | | | | | | | |  G
H  | | | | | | | | |  H          H  | | | | | | | | |  H
I  | | | | | | | | |  I          I  | | | | | | | | |  I
J  | | | | | | | | |  J          J  | | | | | | | | |  J
K  | | | | | | | | |  K          K  | | | | | | | | |  K
L  | | | | | | | | |  L          L  | | | | | | | | |  L
M  | | | | | | | | |  M          M  | | | | | | | | |  M
N  | | | | | | | | |  N          N  | | | | | | | | |  N
O  | | | | | | | | |  O          O  | | | | | | | | |  O
P  | | | | | | | | |  P          P  | | | | | | | | |  P
Q  | | | | | | | | |  Q          Q  | | | | | | | | |  Q
R  | | | | | | | | |  R          R  | | | | | | | | |  R
S  | | | | | | | | |  S          S  | | | | | | | | |  S
T  | | | | | | | | |  T          T  | | | | | | | | |  T
  0|1|2|3|4|5|6|7|8|9              0|1|2|3|4|5|6|7|8|9  
________________________________________________________
Player A, where do you want to place the stack 1: a Green stack?
Please type 3 valid characters:
Please type exact 3 characters:
Please type valid orientation character:
________________________________________________________
player A's turn:
     Your tree                     Player B's tree
  0|1|2|3|4|5|6|7|8|9              0|1|2|3|4|5|6|7|8|9  
A  | | | | | | | | |  A          A  | | | | | | | | |  A
B  | | | | | | | | |  B          B  | | | | | | | | |  B
C  | | | | | | | | |  C          C  | | | | | | | | |  C
D  | | | | | | | | |  D          D  | | | | | | | | |  D
E  | | | | | | | | |  E          E  | | | | | | | | |  E
F  | | | | | | | | |  F          F  | | | | | | | | |  F
G  | | | | | | | | |  G          G  | | | | | | | | |  G
H  | | | | | | | | |  H          H  | | | | | | | | |  H
I  | | | | | | | | |  I          I  | | | | | | | | |  I
J  | | | | | | | | |  J          J  | | | | | | | | |  J
K  | | | | | | | | |  K          K  | | | | | | | | |  K
L  | | | | | | | | |  L          L  | | | | | | | | |  L
M  | | | | | | | | |  M          M  | | | | | | | | |  M
N  | | | | | | | | |  N          N  | | | | | | | | |  N
O  | | | | | | | | |  O          O  | | | | | | | | |  O
P  | | | | | | | | |  P          P  | | | | | | | | |  P
Q  | | | | | | | | |  Q          Q  | | | | | | | | |  Q
R  | | | | | | | | |  R          R  | | | | | | | | |  R
S  | | | | | | | | |G S          S  | | | | | | | | |  S
T  | | | | | | | | |G T          T  | | | | | | | | |  T
  0|1|2|3|4|5|6|7|8|9              0|1|2|3|4|5|6|7|8|9  
________________________________________________________
Player A, where do you want to place the stack 2: a Green stack?
________________________________________________________
player A's turn:
     Your tree                     Player B's tree
  0|1|2|3|4|5|6|7|8|9              0|1|2|3|4|5|6|7|8|9  
A  | | | | | | | | |  A          A  | | | | | | | | |  A
B  | | | | | | | | |  B          B  | | | | | | | | |  B
C  | | | | | | | | |  C          C  | | | | | | | | |  C
D  | | | | | | | | |  D          D  | | | | | | | | |  D
E  | | | | | | | | |  E          E  | | | | | | | | |  E
F  | | | | | | | | |  F          F  | | | | | | | | |  F
G  | | | | | | | | |  G          G  | | | | | | | | |  G
H  | | | | | | | | |  H          H  | | | | | | | | |  H
I  | | | | | | | | |  I          I  | | | | | | | | |  I
J  | | | | | | | | |  J          J  | | | | | | | | |  J
K  | | | | | | | | |  K          K  | | | | | | | | |  K
L  | | | | | | | | |  L          L  | | | | | | | | |  L
M  | | | | | | | | |  M          M  | | | | | | | | |  M
N  | | | | | | | | |  N          N  | | | | | | | | |  N
O  | | | | | | | | |  O          O  | | | | | | | | |  O
P  | | | | | | | | |  P          P  | | | | | | | | |  P
Q  | | | | | | | | |  Q          Q  | | | | | | | | |  Q
R  | | | | | | | | |  R          R  | | | | | | | | |  R
S  | | | | | | | |G|G S          S  | | | | | | | | |  S
T  | | | | | | | |G|G T          T  | | | | | | | | |  T
  0|1|2|3|4|5|6|7|8|9              0|1|2|3|4|5|6|7|8|9  
________________________________________________________
Player A, where do you want to place the stack 3: a Purple stack?
Location out of checkboard!
Location out of checkboard!
________________________________________________________
player A's turn:
     Your tree                     Player B's tree
  0|1|2|3|4|5|6|7|8|9              0|1|2|3|4|5|6|7|8|9  
A  | | | | | | | | |  A          A  | | | | | | | | |  A
B  | | | | | | | | |  B          B  | | | | | | | | |  B
C  | | | | | | | | |  C          C  | | | | | | | | |  C
D  | | | | | | | | |  D          D  | | | | | | | | |  D
E  | | | | | | | | |  E          E  | | | | | | | | |  E
F  | | | | | | | | |  F          F  | | | | | | | | |  F
G  | | | | | | | | |  G          G  | | | | | | | | |  G
H  | | | | | | | | |  H          H  | | | | | | | | |  H
I  | | | | | | | | |  I          I  | | | | | | | | |  I
J  | | | | | | | | |  J          J  | | | | | | | | |  J
K  | | | | | | | | |  K          K  | | | | | | | | |  K
L  | | | | | | | | |  L          L  | | | | | | | | |  L
M  | | | | | | | | |  M          M  | | | | | | | | |  M
N  | | | | | | | | |  N          N  | | | | | | | | |  N
O  | | | | | | | | |  O          O  | | | | | | | | |  O
P  | | | | | | | | |  P          P  | | | | | | | | |  P
Q  | | | | | | | | |  Q          Q  | | | | | | | | |  Q
R  | | | | | | |P| |  R          R  | | | | | | | | |  R
S  | | | | | | |P|G|G S          S  | | | | | | | | |  S
T  | | | | | | |P|G|G T          T  | | | | | | | | |  T
  0|1|2|3|4|5|6|7|8|9              0|1|2|3|4|5|6|7|8|9  
________________________________________________________
Player A, where do you want to place the stack 4: a Purple stack?
________________________________________________________
player A's turn:
     Your tree                     Player B's tree
  0|1|2|3|4|5|6|7|8|9              0|1|2|3|4|5|6|7|8|9  
A  | | | | | | | | |  A          A  | | | | | | | | |  A
B  | | | | | | | | |  B          B  | | | | | | | | |  B
C  | | | | | | | | |  C          C  | | | | | | | | |  C
D  | | | | | | | | |  D          D  | | | | | | | | |  D
E  | | | | | | | | |  E          E  | | | | | | | | |  E
F  | | | | | | | | |  F          F  | | | | | | | | |  F
G  | | | | | | | | |  G          G  | | | | | | | | |  G
H  | | | | | | | | |  H          H  | | | | | | | | |  H
I  | | | | | | | | |  I          I  | | | | | | | | |  I
J  | | | | | | | | |  J          J  | | | | | | | | |  J
K  | | | | | | | | |  K          K  | | | | | | | | |  K
L  | | | | | | | | |  L          L  | | | | | | | | |  L
M  | | | | | | | | |  M          M  | | | | | | | | |  M
N  | | | | | | | | |  N          N  | | | | | | | | |  N
O  | | | | | | | | |  O          O  | | | | | | | | |  O
P  | | | | | | | | |  P          P  | | | | | | | | |  P
Q  | | | | | | | | |  Q          Q  | | | | | | | | |  Q
R  | | | | | |P|P| |  R          R  | | | | | | | | |  R
S  | | | | | |P|P|G|G S          S  | | | | | | | | |  S
T  | | | | | |P|P|G|G T          T  | | | | | | | | |  T
  0|1|2|3|4|5|6|7|8|9              0|1|2|3|4|5|6|7|8|9  
________________________________________________________
Player A, where do you want to place the stack 5: a Purple stack?
________________________________________________________
player A's turn:
     Your tree                     Player B's tree
  0|1|2|3|4|5|6|7|8|9              0|1|2|3|4|5|6|7|8|9  
A  | | | | | | | | |  A          A  | | | | | | | | |  A
B  | | | | | | | | |  B          B  | | | | | | | | |  B
C  | | | | | | | | |  C          C  | | | | | | | | |  C
D  | | | | | | | | |  D          D  | | | | | | | | |  D
E  | | | | | | | | |  E          E  | | | | | | | | |  E
F  | | | | | | | | |  F          F  | | | | | | | | |  F
G  | | | | | | | | |  G          G  | | | | | | | | |  G
H  | | | | | | | | |  H          H  | | | | | | | | |  H
I  | | | | | | | | |  I          I  | | | | | | | | |  I
J  | | | | | | | | |  J          J  | | | | | | | | |  J
K  | | | | | | | | |  K          K  | | | | | | | | |  K
L  | | | | | | | | |  L          L  | | | | | | | | |  L
M  | | | | | | | | |  M          M  | | | | | | | | |  M
N  | | | | | | | | |  N          N  | | | | | | | | |  N
O  | | | | | | | | |  O          O  | | | | | | | | |  O
P  | | | | | | | | |  P          P  | | | | | | | | |  P
Q  | | | | | | | | |  Q          Q  | | | | | | | | |  Q
R  | | | | |P|P|P| |  R          R  | | | | | | | | |  R
S  | | | | |P|P|P|G|G S          S  | | | | | | | | |  S
T  | | | | |P|P|P|G|G T          T  | | | | | | | | |  T
  0|1|2|3|4|5|6|7|8|9              0|1|2|3|4|5|6|7|8|9  
________________________________________________________
Player A, where do you want to place the stack 6: a Red stack?
Location out of checkboard!
________________________________________________________
player A's turn:
     Your tree                     Player B's tree
  0|1|2|3|4|5|6|7|8|9              0|1|2|3|4|5|6|7|8|9  
A  | | | | | | | | |  A          A  | | | | | | | | |  A
B  | | | | | | | | |  B          B  | | | | | | | | |  B
C  | | | | | | | | |  C          C  | | | | | | | | |  C
D  | | | | | | | | |  D          D  | | | | | | | | |  D
E  | | | | | | | | |  E          E  | | | | | | | | |  E
F  | | | | | | | | |  F          F  | | | | | | | | |  F
G  | | | | | | | | |  G          G  | | | | | | | | |  G
H  | | | | | | | | |  H          H  | | | | | | | | |  H
I  | | | | | | | | |  I          I  | | | | | | | | |  I
J  | | | | | | | | |  J          J  | | | | | | | | |  J
K  | | | | | | | | |  K          K  | | | | | | | | |  K
L  | | | | | | | | |  L          L  | | | | | | | | |  L
M  | | | | | | | | |  M          M  | | | | | | | | |  M
N  | | | | | | | | |  N          N  | | | | | | | | |  N
O  | | | | | | | | |  O          O  | | | | | | | | |  O
P  | | | | | | | | |  P          P  | | | | | | | | |  P
Q  | | | | | | | | |  Q          Q  | | | | | | | | |  Q
R  | | | | |P|P|P| |  R          R  | | | | | | | | |  R
S  |R| | | |P|P|P|G|G S          S  | | | | | | | | |  S
T R|R|R| | |P|P|P|G|G T          T  | | | | | | | | |  T
  0|1|2|3|4|5|6|7|8|9              0|1|2|3|4|5|6|7|8|9  
________________________________________________________
Player A, where do you want to place the stack 7: a Red stack?
________________________________________________________
player A's turn:
     Your tree                     Player B's tree
  0|1|2|3|4|5|6|7|8|9              0|1|2|3|4|5|6|7|8|9  
A  | | | | | | | | |  A          A  | | | | | | | | |  A
B  | | | | | | | | |  B          B  | | | | | | | | |  B
C  | | | | | | | | |  C          C  | | | | | | | | |  C
D  | | | | | | | | |  D          D  | | | | | | | | |  D
E  | | | | | | | | |  E          E  | | | | | | | | |  E
F  | | | | | | | | |  F          F  | | | | | | | | |  F
G  | | | | | | | | |  G          G  | | | | | | | | |  G
H  | | | | | | | | |  H          H  | | | | | | | | |  H
I  | | | | | | | | |  I          I  | | | | | | | | |  I
J  | | | | | | | | |  J          J  | | | | | | | | |  J
K  | | | | | | | | |  K          K  | | | | | | | | |  K
L  | | | | | | | | |  L          L  | | | | | | | | |  L
M  | | | | | | | | |  M          M  | | | | | | | | |  M
N  | | | | | | | | |  N          N  | | | | | | | | |  N
O  | | | | | | | | |  O          O  | | | | | | | | |  O
P  | | | | | | | | |  P          P  | | | | | | | | |  P
Q R| | | | | | | | |  Q          Q  | | | | | | | | |  Q
R R|R| | | |P|P|P| |  R          R  | | | | | | | | |  R
S R|R| | | |P|P|P|G|G S          S  | | | | | | | | |  S
T R|R|R| | |P|P|P|G|G T          T  | | | | | | | | |  T
  0|1|2|3|4|5|6|7|8|9              0|1|2|3|4|5|6|7|8|9  
________________________________________________________
Player A, where do you want to place the stack 8: a Red stack?
________________________________________________________
player A's turn:
     Your tree                     Player B's tree
  0|1|2|3|4|5|6|7|8|9              0|1|2|3|4|5|6|7|8|9  
A  | | | | | | | | |  A          A  | | | | | | | | |  A
B  | | | | | | | | |  B          B  | | | | | | | | |  B
C  | | | | | | | | |  C          C  | | | | | | | | |  C
D  | | | | | | | | |  D          D  | | | | | | | | |  D
E  | | | | | | | | |  E          E  | | | | | | | | |  E
F  | | | | | | | | |  F          F  | | | | | | | | |  F
G  | | | | | | | | |  G          G  | | | | | | | | |  G
H  | | | | | | | | |  H          H  | | | | | | | | |  H
I  | | | | | | | | |  I          I  | | | | | | | | |  I
J  | | | | | | | | |  J          J  | | | | | | | | |  J
K  | | | | | | | | |  K          K  | | | | | | | | |  K
L  | | | | | | | | |  L          L  | | | | | | | | |  L
M  | | | | | | | | |  M          M  | | | | | | | | |  M
N  | | | | | | | | |  N          N  | | | | | | | | |  N
O  | | | | | | | | |  O          O  | | | | | | | | |  O
P  | | | | | | | | |  P          P  | | | | | | | | |  P
Q R| | | | | | | | |  Q          Q  | | | | | | | | |  Q
R R|R| | | |P|P|P| |  R          R  | | | | | | | | |  R
S R|R|R|R|R|P|P|P|G|G S          S  | | | | | | | | |  S
T R|R|R|R| |P|P|P|G|G T          T  | | | | | | | | |  T
  0|1|2|3|4|5|6|7|8|9              0|1|2|3|4|5|6|7|8|9  
________________________________________________________
Player A, where do you want to place the stack 9: a Blue stack?
________________________________________________________
player A's turn:
     Your tree                     Player B's tree
  0|1|2|3|4|5|6|7|8|9              0|1|2|3|4|5|6|7|8|9  
A  | | | | | | | | |  A          A  | | | | | | | | |  A
B  | | | | | | | | |  B          B  | | | | | | | | |  B
C  | | | | | | | | |  C          C  | | | | | | | | |  C
D  | | | | | | | | |  D          D  | | | | | | | | |  D
E  | | | | | | | | |  E          E  | | | | | | | | |  E
F  | | | | | | | | |  F          F  | | | | | | | | |  F
G  | | | | | | | | |  G          G  | | | | | | | | |  G
H  | | | | | | | | |  H          H  | | | | | | | | |  H
I  | | | | | | | | |  I          I  | | | | | | | | |  I
J  | | | | | | | | |  J          J  | | | | | | | | |  J
K  | | | | | | | | |  K          K  | | | | | | | | |  K
L  | | | | | | | | |  L          L  | | | | | | | | |  L
M  | | | | | | | | |  M          M  | | | | | | | | |  M
N  | | | | | | | |B|  N          N  | | | | | | | | |  N
O  | | | | | | | |B|  O          O  | | | | | | | | |  O
P  | | | | | | | |B|B P          P  | | | | | | | | |  P
Q R| | | | | | | | |B Q          Q  | | | | | | | | |  Q
R R|R| | | |P|P|P| |B R          R  | | | | | | | | |  R
S R|R|R|R|R|P|P|P|G|G S          S  | | | | | | | | |  S
T R|R|R|R| |P|P|P|G|G T          T  | | | | | | | | |  T
  0|1|2|3|4|5|6|7|8|9              0|1|2|3|4|5|6|7|8|9  
________________________________________________________
Player A, where do you want to place the stack 10: a Blue stack?
________________________________________________________
player A's turn:
     Your tree                     Player B's tree
  0|1|2|3|4|5|6|7|8|9              0|1|2|3|4|5|6|7|8|9  
A  | | | | | | | | |  A          A  | | | | | | | | |  A
B  | | | | | | | | |  B          B  | | | | | | | | |  B
C  | | | | | | | | |  C          C  | | | | | | | | |  C
D  | | | | | | | | |  D          D  | | | | | | | | |  D
E  | | | | | | | | |  E          E  | | | | | | | | |  E
F  | | | | | | | | |  F          F  | | | | | | | | |  F
G  | | | | | | | | |  G          G  | | | | | | | | |  G
H  | | | | | | | | |  H          H  | | | | | | | | |  H
I  | | | | | | | | |  I          I  | | | | | | | | |  I
J  | | | | | | | | |  J          J  | | | | | | | | |  J
K  | | | | | | | | |  K          K  | | | | | | | | |  K
L  | | | | | | | | |  L          L  | | | | | | | | |  L
M  | | | | | | | | |  M          M  | | | | | | | | |  M
N  | | | | | | | |B|  N          N  | | | | | | | | |  N
O  | |B|B|B| | | |B|  O          O  | | | | | | | | |  O
P B|B|B| | | | | |B|B P          P  | | | | | | | | |  P
Q R| | | | | | | | |B Q          Q  | | | | | | | | |  Q
R R|R| | | |P|P|P| |B R          R  | | | | | | | | |  R
S R|R|R|R|R|P|P|P|G|G S          S  | | | | | | | | |  S
T R|R|R|R| |P|P|P|G|G T          T  | | | | | | | | |  T
  0|1|2|3|4|5|6|7|8|9              0|1|2|3|4|5|6|7|8|9  
________________________________________________________
Player A, where do you want to place the stack 11: a Blue stack?
________________________________________________________
player A's turn:
     Your tree                     Player B's tree
  0|1|2|3|4|5|6|7|8|9              0|1|2|3|4|5|6|7|8|9  
A  | | | | | | | | |  A          A  | | | | | | | | |  A
B  | | | | | | | | |  B          B  | | | | | | | | |  B
C  | | | | | | | | |  C          C  | | | | | | | | |  C
D  | | | | | | | | |  D          D  | | | | | | | | |  D
E  | | | | | | | | |  E          E  | | | | | | | | |  E
F  | | | | | | | | |  F          F  | | | | | | | | |  F
G  | | | | | | | | |  G          G  | | | | | | | | |  G
H  | | | | | | | | |  H          H  | | | | | | | | |  H
I  | | | | | | | | |B I          I  | | | | | | | | |  I
J  | | | | | | | | |B J          J  | | | | | | | | |  J
K  | | | | | | | |B|B K          K  | | | | | | | | |  K
L  | | | | | | | |B|  L          L  | | | | | | | | |  L
M  | | | | | | | |B|  M          M  | | | | | | | | |  M
N  | | | | | | | |B|  N          N  | | | | | | | | |  N
O  | |B|B|B| | | |B|  O          O  | | | | | | | | |  O
P B|B|B| | | | | |B|B P          P  | | | | | | | | |  P
Q R| | | | | | | | |B Q          Q  | | | | | | | | |  Q
R R|R| | | |P|P|P| |B R          R  | | | | | | | | |  R
S R|R|R|R|R|P|P|P|G|G S          S  | | | | | | | | |  S
T R|R|R|R| |P|P|P|G|G T          T  | | | | | | | | |  T
  0|1|2|3|4|5|6|7|8|9              0|1|2|3|4|5|6|7|8|9  
________________________________________________________
This is your whole placement.
Now switching to the other player. Press any key to continue:
Player B, you are going place Sally’s stash on the board. Make sure Player A isn’t looking! For each stack, type the coordinate of the upper left side of the stash, followed by either H (for horizontal) or V (for vertical) for green and purple ones, and U (for up) or R (for right) or D (for down) or L (for left) for red and blue ones. For example, M4H would place a stack horizontally starting at M4 and going to the right. You have
		2 Green stacks that are 1x2
		3 Purple stacks that are 1x3
		3 Red superstacks that are T-shape
		3 Blue crazystacks that are Z-shape

________________________________________________________
Press any key if you are ready:
________________________________________________________
player B's turn:
     Your tree                     Player A's tree
  0|1|2|3|4|5|6|7|8|9              0|1|2|3|4|5|6|7|8|9  
A  | | | | | | | | |  A          A  | | | | | | | | |  A
B  | | | | | | | | |  B          B  | | | | | | | | |  B
C  | | | | | | | | |  C          C  | | | | | | | | |  C
D  | | | | | | | | |  D          D  | | | | | | | | |  D
E  | | | | | | | | |  E          E  | | | | | | | | |  E
F  | | | | | | | | |  F          F  | | | | | | | | |  F
G  | | | | | | | | |  G          G  | | | | | | | | |  G
H  | | | | | | | | |  H          H  | | | | | | | | |  H
I  | | | | | | | | |  I          I  | | | | | | | | |  I
J  | | | | | | | | |  J          J  | | | | | | | | |  J
K  | | | | | | | | |  K          K  | | | | | | | | |  K
L  | | | | | | | | |  L          L  | | | | | | | | |  L
M  | | | | | | | | |  M          M  | | | | | | | | |  M
N  | | | | | | | | |  N          N  | | | | | | | | |  N
O  | | | | | | | | |  O          O  | | | | | | | | |  O
P  | | | | | | | | |  P          P  | | | | | | | | |  P
Q  | | | | | | | | |  Q          Q  | | | | | | | | |  Q
R  | | | | | | | | |  R          R  | | | | | | | | |  R
S  | | | | | | | | |  S          S  | | | | | | | | |  S
T  | | | | | | | | |  T          T  | | | | | | | | |  T
  0|1|2|3|4|5|6|7|8|9              0|1|2|3|4|5|6|7|8|9  
________________________________________________________
Player B, where do you want to place the stack 1: a Green stack?
________________________________________________________
player B's turn:
     Your tree                     Player A's tree
  0|1|2|3|4|5|6|7|8|9              0|1|2|3|4|5|6|7|8|9  
A  | | | | | | | |G|G A          A  | | | | | | | | |  A
B  | | | | | | | | |  B          B  | | | | | | | | |  B
C  | | | | | | | | |  C          C  | | | | | | | | |  C
D  | | | | | | | | |  D          D  | | | | | | | | |  D
E  | | | | | | | | |  E          E  | | | | | | | | |  E
F  | | | | | | | | |  F          F  | | | | | | | | |  F
G  | | | | | | | | |  G          G  | | | | | | | | |  G
H  | | | | | | | | |  H          H  | | | | | | | | |  H
I  | | | | | | | | |  I          I  | | | | | | | | |  I
J  | | | | | | | | |  J          J  | | | | | | | | |  J
K  | | | | | | | | |  K          K  | | | | | | | | |  K
L  | | | | | | | | |  L          L  | | | | | | | | |  L
M  | | | | | | | | |  M          M  | | | | | | | | |  M
N  | | | | | | | | |  N          N  | | | | | | | | |  N
O  | | | | | | | | |  O          O  | | | | | | | | |  O
P  | | | | | | | | |  P          P  | | | | | | | | |  P
Q  | | | | | | | | |  Q          Q  | | | | | | | | |  Q
R  | | | | | | | | |  R          R  | | | | | | | | |  R
S  | | | | | | | | |  S          S  | | | | | | | | |  S
T  | | | | | | | | |  T          T  | | | | | | | | |  T
  0|1|2|3|4|5|6|7|8|9              0|1|2|3|4|5|6|7|8|9  
________________________________________________________
Player B, where do you want to place the stack 2: a Green stack?
________________________________________________________
player B's turn:
     Your tree                     Player A's tree
  0|1|2|3|4|5|6|7|8|9              0|1|2|3|4|5|6|7|8|9  
A  | | | | | | | |G|G A          A  | | | | | | | | |  A
B  | | | | | | | |G|G B          B  | | | | | | | | |  B
C  | | | | | | | | |  C          C  | | | | | | | | |  C
D  | | | | | | | | |  D          D  | | | | | | | | |  D
E  | | | | | | | | |  E          E  | | | | | | | | |  E
F  | | | | | | | | |  F          F  | | | | | | | | |  F
G  | | | | | | | | |  G          G  | | | | | | | | |  G
H  | | | | | | | | |  H          H  | | | | | | | | |  H
I  | | | | | | | | |  I          I  | | | | | | | | |  I
J  | | | | | | | | |  J          J  | | | | | | | | |  J
K  | | | | | | | | |  K          K  | | | | | | | | |  K
L  | | | | | | | | |  L          L  | | | | | | | | |  L
M  | | | | | | | | |  M          M  | | | | | | | | |  M
N  | | | | | | | | |  N          N  | | | | | | | | |  N
O  | | | | | | | | |  O          O  | | | | | | | | |  O
P  | | | | | | | | |  P          P  | | | | | | | | |  P
Q  | | | | | | | | |  Q          Q  | | | | | | | | |  Q
R  | | | | | | | | |  R          R  | | | | | | | | |  R
S  | | | | | | | | |  S          S  | | | | | | | | |  S
T  | | | | | | | | |  T          T  | | | | | | | | |  T
  0|1|2|3|4|5|6|7|8|9              0|1|2|3|4|5|6|7|8|9  
________________________________________________________
Player B, where do you want to place the stack 3: a Purple stack?
________________________________________________________
player B's turn:
     Your tree                     Player A's tree
  0|1|2|3|4|5|6|7|8|9              0|1|2|3|4|5|6|7|8|9  
A  | | | | |P|P|P|G|G A          A  | | | | | | | | |  A
B  | | | | | | | |G|G B          B  | | | | | | | | |  B
C  | | | | | | | | |  C          C  | | | | | | | | |  C
D  | | | | | | | | |  D          D  | | | | | | | | |  D
E  | | | | | | | | |  E          E  | | | | | | | | |  E
F  | | | | | | | | |  F          F  | | | | | | | | |  F
G  | | | | | | | | |  G          G  | | | | | | | | |  G
H  | | | | | | | | |  H          H  | | | | | | | | |  H
I  | | | | | | | | |  I          I  | | | | | | | | |  I
J  | | | | | | | | |  J          J  | | | | | | | | |  J
K  | | | | | | | | |  K          K  | | | | | | | | |  K
L  | | | | | | | | |  L          L  | | | | | | | | |  L
M  | | | | | | | | |  M          M  | | | | | | | | |  M
N  | | | | | | | | |  N          N  | | | | | | | | |  N
O  | | | | | | | | |  O          O  | | | | | | | | |  O
P  | | | | | | | | |  P          P  | | | | | | | | |  P
Q  | | | | | | | | |  Q          Q  | | | | | | | | |  Q
R  | | | | | | | | |  R          R  | | | | | | | | |  R
S  | | | | | | | | |  S          S  | | | | | | | | |  S
T  | | | | | | | | |  T          T  | | | | | | | | |  T
  0|1|2|3|4|5|6|7|8|9              0|1|2|3|4|5|6|7|8|9  
________________________________________________________
Player B, where do you want to place the stack 4: a Purple stack?
________________________________________________________
player B's turn:
     Your tree                     Player A's tree
  0|1|2|3|4|5|6|7|8|9              0|1|2|3|4|5|6|7|8|9  
A  | | | | |P|P|P|G|G A          A  | | | | | | | | |  A
B  | | | | |P|P|P|G|G B          B  | | | | | | | | |  B
C  | | | | | | | | |  C          C  | | | | | | | | |  C
D  | | | | | | | | |  D          D  | | | | | | | | |  D
E  | | | | | | | | |  E          E  | | | | | | | | |  E
F  | | | | | | | | |  F          F  | | | | | | | | |  F
G  | | | | | | | | |  G          G  | | | | | | | | |  G
H  | | | | | | | | |  H          H  | | | | | | | | |  H
I  | | | | | | | | |  I          I  | | | | | | | | |  I
J  | | | | | | | | |  J          J  | | | | | | | | |  J
K  | | | | | | | | |  K          K  | | | | | | | | |  K
L  | | | | | | | | |  L          L  | | | | | | | | |  L
M  | | | | | | | | |  M          M  | | | | | | | | |  M
N  | | | | | | | | |  N          N  | | | | | | | | |  N
O  | | | | | | | | |  O          O  | | | | | | | | |  O
P  | | | | | | | | |  P          P  | | | | | | | | |  P
Q  | | | | | | | | |  Q          Q  | | | | | | | | |  Q
R  | | | | | | | | |  R          R  | | | | | | | | |  R
S  | | | | | | | | |  S          S  | | | | | | | | |  S
T  | | | | | | | | |  T          T  | | | | | | | | |  T
  0|1|2|3|4|5|6|7|8|9              0|1|2|3|4|5|6|7|8|9  
________________________________________________________
Player B, where do you want to place the stack 5: a Purple stack?
________________________________________________________
player B's turn:
     Your tree                     Player A's tree
  0|1|2|3|4|5|6|7|8|9              0|1|2|3|4|5|6|7|8|9  
A  | | | | |P|P|P|G|G A          A  | | | | | | | | |  A
B  | | | | |P|P|P|G|G B          B  | | | | | | | | |  B
C  | | | | |P|P|P| |  C          C  | | | | | | | | |  C
D  | | | | | | | | |  D          D  | | | | | | | | |  D
E  | | | | | | | | |  E          E  | | | | | | | | |  E
F  | | | | | | | | |  F          F  | | | | | | | | |  F
G  | | | | | | | | |  G          G  | | | | | | | | |  G
H  | | | | | | | | |  H          H  | | | | | | | | |  H
I  | | | | | | | | |  I          I  | | | | | | | | |  I
J  | | | | | | | | |  J          J  | | | | | | | | |  J
K  | | | | | | | | |  K          K  | | | | | | | | |  K
L  | | | | | | | | |  L          L  | | | | | | | | |  L
M  | | | | | | | | |  M          M  | | | | | | | | |  M
N  | | | | | | | | |  N          N  | | | | | | | | |  N
O  | | | | | | | | |  O          O  | | | | | | | | |  O
P  | | | | | | | | |  P          P  | | | | | | | | |  P
Q  | | | | | | | | |  Q          Q  | | | | | | | | |  Q
R  | | | | | | | | |  R          R  | | | | | | | | |  R
S  | | | | | | | | |  S          S  | | | | | | | | |  S
T  | | | | | | | | |  T          T  | | | | | | | | |  T
  0|1|2|3|4|5|6|7|8|9              0|1|2|3|4|5|6|7|8|9  
________________________________________________________
Player B, where do you want to place the stack 6: a Red stack?
________________________________________________________
player B's turn:
     Your tree                     Player A's tree
  0|1|2|3|4|5|6|7|8|9              0|1|2|3|4|5|6|7|8|9  
A  | | | | |P|P|P|G|G A          A  | | | | | | | | |  A
B  | | | | |P|P|P|G|G B          B  | | | | | | | | |  B
C  | | | | |P|P|P| |R C          C  | | | | | | | | |  C
D  | | | | | | | |R|R D          D  | | | | | | | | |  D
E  | | | | | | | | |R E          E  | | | | | | | | |  E
F  | | | | | | | | |  F          F  | | | | | | | | |  F
G  | | | | | | | | |  G          G  | | | | | | | | |  G
H  | | | | | | | | |  H          H  | | | | | | | | |  H
I  | | | | | | | | |  I          I  | | | | | | | | |  I
J  | | | | | | | | |  J          J  | | | | | | | | |  J
K  | | | | | | | | |  K          K  | | | | | | | | |  K
L  | | | | | | | | |  L          L  | | | | | | | | |  L
M  | | | | | | | | |  M          M  | | | | | | | | |  M
N  | | | | | | | | |  N          N  | | | | | | | | |  N
O  | | | | | | | | |  O          O  | | | | | | | | |  O
P  | | | | | | | | |  P          P  | | | | | | | | |  P
Q  | | | | | | | | |  Q          Q  | | | | | | | | |  Q
R  | | | | | | | | |  R          R  | | | | | | | | |  R
S  | | | | | | | | |  S          S  | | | | | | | | |  S
T  | | | | | | | | |  T          T  | | | | | | | | |  T
  0|1|2|3|4|5|6|7|8|9              0|1|2|3|4|5|6|7|8|9  
________________________________________________________
Player B, where do you want to place the stack 7: a Red stack?
________________________________________________________
player B's turn:
     Your tree                     Player A's tree
  0|1|2|3|4|5|6|7|8|9              0|1|2|3|4|5|6|7|8|9  
A  | | | | |P|P|P|G|G A          A  | | | | | | | | |  A
B  | | | | |P|P|P|G|G B          B  | | | | | | | | |  B
C  | | | | |P|P|P| |R C          C  | | | | | | | | |  C
D  | | | | | | | |R|R D          D  | | | | | | | | |  D
E  | | | | | | | | |R E          E  | | | | | | | | |  E
F  | | | | | | | | |  F          F  | | | | | | | | |  F
G  | | | | | | | | |  G          G  | | | | | | | | |  G
H  | | | | | | | | |  H          H  | | | | | | | | |  H
I  | | | | | | | | |  I          I  | | | | | | | | |  I
J  | | | | | | | | |  J          J  | | | | | | | | |  J
K  | | | | | | | | |  K          K  | | | | | | | | |  K
L  | | | | | | | | |  L          L  | | | | | | | | |  L
M  | | | | | | | | |  M          M  | | | | | | | | |  M
N  | | | | | | | | |  N          N  | | | | | | | | |  N
O  | | | | | | | | |  O          O  | | | | | | | | |  O
P  | | | | | | | | |  P          P  | | | | | | | | |  P
Q  | | | | | | | | |  Q          Q  | | | | | | | | |  Q
R  | | | | | | | | |  R          R  | | | | | | | | |  R
S  |R| | | | | | | |  S          S  | | | | | | | | |  S
T R|R|R| | | | | | |  T          T  | | | | | | | | |  T
  0|1|2|3|4|5|6|7|8|9              0|1|2|3|4|5|6|7|8|9  
________________________________________________________
Player B, where do you want to place the stack 8: a Red stack?
________________________________________________________
player B's turn:
     Your tree                     Player A's tree
  0|1|2|3|4|5|6|7|8|9              0|1|2|3|4|5|6|7|8|9  
A  | | | | |P|P|P|G|G A          A  | | | | | | | | |  A
B  | | | | |P|P|P|G|G B          B  | | | | | | | | |  B
C  | | | | |P|P|P| |R C          C  | | | | | | | | |  C
D  | | | | | | | |R|R D          D  | | | | | | | | |  D
E  | | | | | | | | |R E          E  | | | | | | | | |  E
F  | | | | | | | | |  F          F  | | | | | | | | |  F
G  | | | | | | | | |  G          G  | | | | | | | | |  G
H  | | | | | | | | |  H          H  | | | | | | | | |  H
I  | | | | | | | | |  I          I  | | | | | | | | |  I
J  | | | | | | | | |  J          J  | | | | | | | | |  J
K  | | | | | | | | |  K          K  | | | | | | | | |  K
L  | | | | | | | | |  L          L  | | | | | | | | |  L
M  | | | | | | | | |  M          M  | | | | | | | | |  M
N  | | | | | | | | |  N          N  | | | | | | | | |  N
O  | | | | | | | | |  O          O  | | | | | | | | |  O
P  | | | | | | | | |  P          P  | | | | | | | | |  P
Q  | | | | | | | | |  Q          Q  | | | | | | | | |  Q
R  | | | | | | | |R|  R          R  | | | | | | | | |  R
S  |R| | | | | | |R|R S          S  | | | | | | | | |  S
T R|R|R| | | | | |R|  T          T  | | | | | | | | |  T
  0|1|2|3|4|5|6|7|8|9              0|1|2|3|4|5|6|7|8|9  
________________________________________________________
Player B, where do you want to place the stack 9: a Blue stack?
________________________________________________________
player B's turn:
     Your tree                     Player A's tree
  0|1|2|3|4|5|6|7|8|9              0|1|2|3|4|5|6|7|8|9  
A B|B|B| | |P|P|P|G|G A          A  | | | | | | | | |  A
B  | |B|B|B|P|P|P|G|G B          B  | | | | | | | | |  B
C  | | | | |P|P|P| |R C          C  | | | | | | | | |  C
D  | | | | | | | |R|R D          D  | | | | | | | | |  D
E  | | | | | | | | |R E          E  | | | | | | | | |  E
F  | | | | | | | | |  F          F  | | | | | | | | |  F
G  | | | | | | | | |  G          G  | | | | | | | | |  G
H  | | | | | | | | |  H          H  | | | | | | | | |  H
I  | | | | | | | | |  I          I  | | | | | | | | |  I
J  | | | | | | | | |  J          J  | | | | | | | | |  J
K  | | | | | | | | |  K          K  | | | | | | | | |  K
L  | | | | | | | | |  L          L  | | | | | | | | |  L
M  | | | | | | | | |  M          M  | | | | | | | | |  M
N  | | | | | | | | |  N          N  | | | | | | | | |  N
O  | | | | | | | | |  O          O  | | | | | | | | |  O
P  | | | | | | | | |  P          P  | | | | | | | | |  P
Q  | | | | | | | | |  Q          Q  | | | | | | | | |  Q
R  | | | | | | | |R|  R          R  | | | | | | | | |  R
S  |R| | | | | | |R|R S          S  | | | | | | | | |  S
T R|R|R| | | | | |R|  T          T  | | | | | | | | |  T
  0|1|2|3|4|5|6|7|8|9              0|1|2|3|4|5|6|7|8|9  
________________________________________________________
Player B, where do you want to place the stack 10: a Blue stack?
________________________________________________________
player B's turn:
     Your tree                     Player A's tree
  0|1|2|3|4|5|6|7|8|9              0|1|2|3|4|5|6|7|8|9  
A B|B|B| | |P|P|P|G|G A          A  | | | | | | | | |  A
B  | |B|B|B|P|P|P|G|G B          B  | | | | | | | | |  B
C  | | | | |P|P|P| |R C          C  | | | | | | | | |  C
D  | | | | | | | |R|R D          D  | | | | | | | | |  D
E  | | | | | | | | |R E          E  | | | | | | | | |  E
F  | | | | | | | | |  F          F  | | | | | | | | |  F
G  | | | | | | | | |  G          G  | | | | | | | | |  G
H  | | | | | | | | |  H          H  | | | | | | | | |  H
I  | | | | | | | | |  I          I  | | | | | | | | |  I
J  | | | | | | | | |  J          J  | | | | | | | | |  J
K  | | | | | | | | |  K          K  | | | | | | | | |  K
L  | | | | | | | | |  L          L  | | | | | | | | |  L
M  | | | | | | | | |  M          M  | | | | | | | | |  M
N B| | | | | | | | |  N          N  | | | | | | | | |  N
O B| | | | | | | | |  O          O  | | | | | | | | |  O
P B|B| | | | | | | |  P          P  | | | | | | | | |  P
Q  |B| | | | | | | |  Q          Q  | | | | | | | | |  Q
R  |B| | | | | | |R|  R          R  | | | | | | | | |  R
S  |R| | | | | | |R|R S          S  | | | | | | | | |  S
T R|R|R| | | | | |R|  T          T  | | | | | | | | |  T
  0|1|2|3|4|5|6|7|8|9              0|1|2|3|4|5|6|7|8|9  
________________________________________________________
Player B, where do you want to place the stack 11: a Blue stack?
________________________________________________________
player B's turn:
     Your tree                     Player A's tree
  0|1|2|3|4|5|6|7|8|9              0|1|2|3|4|5|6|7|8|9  
A B|B|B| | |P|P|P|G|G A          A  | | | | | | | | |  A
B  | |B|B|B|P|P|P|G|G B          B  | | | | | | | | |  B
C  | |B|B|B|P|P|P| |R C          C  | | | | | | | | |  C
D B|B|B| | | | | |R|R D          D  | | | | | | | | |  D
E  | | | | | | | | |R E          E  | | | | | | | | |  E
F  | | | | | | | | |  F          F  | | | | | | | | |  F
G  | | | | | | | | |  G          G  | | | | | | | | |  G
H  | | | | | | | | |  H          H  | | | | | | | | |  H
I  | | | | | | | | |  I          I  | | | | | | | | |  I
J  | | | | | | | | |  J          J  | | | | | | | | |  J
K  | | | | | | | | |  K          K  | | | | | | | | |  K
L  | | | | | | | | |  L          L  | | | | | | | | |  L
M  | | | | | | | | |  M          M  | | | | | | | | |  M
N B| | | | | | | | |  N          N  | | | | | | | | |  N
O B| | | | | | | | |  O          O  | | | | | | | | |  O
P B|B| | | | | | | |  P          P  | | | | | | | | |  P
Q  |B| | | | | | | |  Q          Q  | | | | | | | | |  Q
R  |B| | | | | | |R|  R          R  | | | | | | | | |  R
S  |R| | | | | | |R|R S          S  | | | | | | | | |  S
T R|R|R| | | | | |R|  T          T  | | | | | | | | |  T
  0|1|2|3|4|5|6|7|8|9              0|1|2|3|4|5|6|7|8|9  
________________________________________________________
This is your whole placement.
Press any key to continue to take actions:
Press any key to continue to A's round:
________________________________________________________
Possible actions for Player A:

D Dig in a square
M Move a stack to another square(3 remaining)
S Sonar scan(3 remaining)
Player A, what would you like to do?
________________________________________________________
________________________________________________________
player A's turn:
     Your tree                     Player B's tree
  0|1|2|3|4|5|6|7|8|9              0|1|2|3|4|5|6|7|8|9  
A  | | | | | | | | |  A          A  | | | | | | | | |  A
B  | | | | | | | | |  B          B  | | | | | | | | |  B
C  | | | | | | | | |  C          C  | | | | | | | | |  C
D  | | | | | | | | |  D          D  | | | | | | | | |  D
E  | | | | | | | | |  E          E  | | | | | | | | |  E
F  | | | | | | | | |  F          F  | | | | | | | | |  F
G  | | | | | | | | |  G          G  | | | | | | | | |  G
H  | | | | | | | | |  H          H  | | | | | | | | |  H
I  | | | | | | | | |B I          I  | | | | | | | | |  I
J  | | | | | | | | |B J          J  | | | | | | | | |  J
K  | | | | | | | |B|B K          K  | | | | | | | | |  K
L  | | | | | | | |B|  L          L  | | | | | | | | |  L
M  | | | | | | | |B|  M          M  | | | | | | | | |  M
N  | | | | | | | |B|  N          N  | | | | | | | | |  N
O  | |B|B|B| | | |B|  O          O  | | | | | | | | |  O
P B|B|B| | | | | |B|B P          P  | | | | | | | | |  P
Q R| | | | | | | | |B Q          Q  | | | | | | | | |  Q
R R|R| | | |P|P|P| |B R          R  | | | | | | | | |  R
S R|R|R|R|R|P|P|P|G|G S          S  | | | | | | | | |  S
T R|R|R|R| |P|P|P|G|G T          T  | | | | | | | | |  T
  0|1|2|3|4|5|6|7|8|9              0|1|2|3|4|5|6|7|8|9  
________________________________________________________
Player A, which location do you want to sonar scan on Player B's checkerboard?
Not valid command!
________________________________________________________
Possible actions for Player A:

D Dig in a square
M Move a stack to another square(3 remaining)
S Sonar scan(3 remaining)
Player A, what would you like to do?
________________________________________________________
________________________________________________________
player A's turn:
     Your tree                     Player B's tree
  0|1|2|3|4|5|6|7|8|9              0|1|2|3|4|5|6|7|8|9  
A  | | | | | | | | |  A          A  | | | | | | | | |  A
B  | | | | | | | | |  B          B  | | | | | | | | |  B
C  | | | | | | | | |  C          C  | | | | | | | | |  C
D  | | | | | | | | |  D          D  | | | | | | | | |  D
E  | | | | | | | | |  E          E  | | | | | | | | |  E
F  | | | | | | | | |  F          F  | | | | | | | | |  F
G  | | | | | | | | |  G          G  | | | | | | | | |  G
H  | | | | | | | | |  H          H  | | | | | | | | |  H
I  | | | | | | | | |B I          I  | | | | | | | | |  I
J  | | | | | | | | |B J          J  | | | | | | | | |  J
K  | | | | | | | |B|B K          K  | | | | | | | | |  K
L  | | | | | | | |B|  L          L  | | | | | | | | |  L
M  | | | | | | | |B|  M          M  | | | | | | | | |  M
N  | | | | | | | |B|  N          N  | | | | | | | | |  N
O  | |B|B|B| | | |B|  O          O  | | | | | | | | |  O
P B|B|B| | | | | |B|B P          P  | | | | | | | | |  P
Q R| | | | | | | | |B Q          Q  | | | | | | | | |  Q
R R|R| | | |P|P|P| |B R          R  | | | | | | | | |  R
S R|R|R|R|R|P|P|P|G|G S          S  | | | | | | | | |  S
T R|R|R|R| |P|P|P|G|G T          T  | | | | | | | | |  T
  0|1|2|3|4|5|6|7|8|9              0|1|2|3|4|5|6|7|8|9  
________________________________________________________
Player A, which stack do you want to move?
Invalid command!
________________________________________________________
Possible actions for Player A:

D Dig in a square
M Move a stack to another square(3 remaining)
S Sonar scan(3 remaining)
Player A, what would you like to do?
________________________________________________________
Invalid command!
________________________________________________________
Possible actions for Player A:

D Dig in a square
M Move a stack to another square(3 remaining)
S Sonar scan(3 remaining)
Player A, what would you like to do?
________________________________________________________
________________________________________________________
player A's turn:
     Your tree                     Player B's tree
  0|1|2|3|4|5|6|7|8|9              0|1|2|3|4|5|6|7|8|9  
A  | | | | | | | | |  A          A  | | | | | | | | |  A
B  | | | | | | | | |  B          B  | | | | | | | | |  B
C  | | | | | | | | |  C          C  | | | | | | | | |  C
D  | | | | | | | | |  D          D  | | | | | | | | |  D
E  | | | | | | | | |  E          E  | | | | | | | | |  E
F  | | | | | | | | |  F          F  | | | | | | | | |  F
G  | | | | | | | | |  G          G  | | | | | | | | |  G
H  | | | | | | | | |  H          H  | | | | | | | | |  H
I  | | | | | | | | |B I          I  | | | | | | | | |  I
J  | | | | | | | | |B J          J  | | | | | | | | |  J
K  | | | | | | | |B|B K          K  | | | | | | | | |  K
L  | | | | | | | |B|  L          L  | | | | | | | | |  L
M  | | | | | | | |B|  M          M  | | | | | | | | |  M
N  | | | | | | | |B|  N          N  | | | | | | | | |  N
O  | |B|B|B| | | |B|  O          O  | | | | | | | | |  O
P B|B|B| | | | | |B|B P          P  | | | | | | | | |  P
Q R| | | | | | | | |B Q          Q  | | | | | | | | |  Q
R R|R| | | |P|P|P| |B R          R  | | | | | | | | |  R
S R|R|R|R|R|P|P|P|G|G S          S  | | | | | | | | |  S
T R|R|R|R| |P|P|P|G|G T          T  | | | | | | | | |  T
  0|1|2|3|4|5|6|7|8|9              0|1|2|3|4|5|6|7|8|9  
________________________________________________________
Player A, which location do you want to sonar scan on Player B's checkerboard?
________________________________________________________
Green Stacks occupy 0 squares
Purple Stacks occupy 0 squares
Red Stacks occupy 4 squares
Blue Stacks occupy 0 squares
________________________________________________________
Press any key to continue to B's round:
________________________________________________________
Possible actions for Player B:

D Dig in a square
M Move a stack to another square(3 remaining)
S Sonar scan(3 remaining)
Player B, what would you like to do?
________________________________________________________
________________________________________________________
player B's turn:
     Your tree                     Player A's tree
  0|1|2|3|4|5|6|7|8|9              0|1|2|3|4|5|6|7|8|9  
A B|B|B| | |P|P|P|G|G A          A  | | | | | | | | |  A
B  | |B|B|B|P|P|P|G|G B          B  | | | | | | | | |  B
C  | |B|B|B|P|P|P| |R C          C  | | | | | | | | |  C
D B|B|B| | | | | |R|R D          D  | | | | | | | | |  D
E  | | | | | | | | |R E          E  | | | | | | | | |  E
F  | | | | | | | | |  F          F  | | | | | | | | |  F
G  | | | | | | | | |  G          G  | | | | | | | | |  G
H  | | | | | | | | |  H          H  | | | | | | | | |  H
I  | | | | | | | | |  I          I  | | | | | | | | |  I
J  | | | | | | | | |  J          J  | | | | | | | | |  J
K  | | | | | | | | |  K          K  | | | | | | | | |  K
L  | | | | | | | | |  L          L  | | | | | | | | |  L
M  | | | | | | | | |  M          M  | | | | | | | | |  M
N B| | | | | | | | |  N          N  | | | | | | | | |  N
O B| | | | | | | | |  O          O  | | | | | | | | |  O
P B|B| | | | | | | |  P          P  | | | | | | | | |  P
Q  |B| | | | | | | |  Q          Q  | | | | | | | | |  Q
R  |B| | | | | | |R|  R          R  | | | | | | | | |  R
S  |R| | | | | | |R|R S          S  | | | | | | | | |  S
T R|R|R| | | | | |R|  T          T  | | | | | | | | |  T
  0|1|2|3|4|5|6|7|8|9              0|1|2|3|4|5|6|7|8|9  
________________________________________________________
Player B, which stack do you want to move?
Invalid command!
________________________________________________________
Possible actions for Player B:

D Dig in a square
M Move a stack to another square(3 remaining)
S Sonar scan(3 remaining)
Player B, what would you like to do?
________________________________________________________
________________________________________________________
player B's turn:
     Your tree                     Player A's tree
  0|1|2|3|4|5|6|7|8|9              0|1|2|3|4|5|6|7|8|9  
A B|B|B| | |P|P|P|G|G A          A  | | | | | | | | |  A
B  | |B|B|B|P|P|P|G|G B          B  | | | | | | | | |  B
C  | |B|B|B|P|P|P| |R C          C  | | | | | | | | |  C
D B|B|B| | | | | |R|R D          D  | | | | | | | | |  D
E  | | | | | | | | |R E          E  | | | | | | | | |  E
F  | | | | | | | | |  F          F  | | | | | | | | |  F
G  | | | | | | | | |  G          G  | | | | | | | | |  G
H  | | | | | | | | |  H          H  | | | | | | | | |  H
I  | | | | | | | | |  I          I  | | | | | | | | |  I
J  | | | | | | | | |  J          J  | | | | | | | | |  J
K  | | | | | | | | |  K          K  | | | | | | | | |  K
L  | | | | | | | | |  L          L  | | | | | | | | |  L
M  | | | | | | | | |  M          M  | | | | | | | | |  M
N B| | | | | | | | |  N          N  | | | | | | | | |  N
O B| | | | | | | | |  O          O  | | | | | | | | |  O
P B|B| | | | | | | |  P          P  | | | | | | | | |  P
Q  |B| | | | | | | |  Q          Q  | | | | | | | | |  Q
R  |B| | | | | | |R|  R          R  | | | | | | | | |  R
S  |R| | | | | | |R|R S          S  | | | | | | | | |  S
T R|R|R| | | | | |R|  T          T  | | | | | | | | |  T
  0|1|2|3|4|5|6|7|8|9              0|1|2|3|4|5|6|7|8|9  
________________________________________________________
Player B, which stack do you want to move?
________________________________________________________
Where do you want to move the Red stack to?
________________________________________________________
Press any key to continue to A's round:
________________________________________________________
Possible actions for Player A:

D Dig in a square
M Move a stack to another square(3 remaining)
S Sonar scan(2 remaining)
Player A, what would you like to do?
________________________________________________________
________________________________________________________
player A's turn:
     Your tree                     Player B's tree
  0|1|2|3|4|5|6|7|8|9              0|1|2|3|4|5|6|7|8|9  
A  | | | | | | | | |  A          A  | | | | | | | | |  A
B  | | | | | | | | |  B          B  | | | | | | | | |  B
C  | | | | | | | | |  C          C  | | | | | | | | |  C
D  | | | | | | | | |  D          D  | | | | | | | | |  D
E  | | | | | | | | |  E          E  | | | | | | | | |  E
F  | | | | | | | | |  F          F  | | | | | | | | |  F
G  | | | | | | | | |  G          G  | | | | | | | | |  G
H  | | | | | | | | |  H          H  | | | | | | | | |  H
I  | | | | | | | | |B I          I  | | | | | | | | |  I
J  | | | | | | | | |B J          J  | | | | | | | | |  J
K  | | | | | | | |B|B K          K  | | | | | | | | |  K
L  | | | | | | | |B|  L          L  | | | | | | | | |  L
M  | | | | | | | |B|  M          M  | | | | | | | | |  M
N  | | | | | | | |B|  N          N  | | | | | | | | |  N
O  | |B|B|B| | | |B|  O          O  | | | | | | | | |  O
P B|B|B| | | | | |B|B P          P  | | | | | | | | |  P
Q R| | | | | | | | |B Q          Q  | | | | | | | | |  Q
R R|R| | | |P|P|P| |B R          R  | | | | | | | | |  R
S R|R|R|R|R|P|P|P|G|G S          S  | | | | | | | | |  S
T R|R|R|R| |P|P|P|G|G T          T  | | | | | | | | |  T
  0|1|2|3|4|5|6|7|8|9              0|1|2|3|4|5|6|7|8|9  
________________________________________________________
Player A, which location do you want to hit on Player B's checkerboard?
You found a stack!
Press any key to continue to B's round:
________________________________________________________
Possible actions for Player B:

D Dig in a square
M Move a stack to another square(2 remaining)
S Sonar scan(3 remaining)
Player B, what would you like to do?
________________________________________________________
________________________________________________________
player B's turn:
     Your tree                     Player A's tree
  0|1|2|3|4|5|6|7|8|9              0|1|2|3|4|5|6|7|8|9  
A *|B|B| | |P|P|P|G|G A          A  | | | | | | | | |  A
B  | |B|B|B|P|P|P|G|G B          B  | | | | | | | | |  B
C  | |B|B|B|P|P|P| |R C          C  | | | | | | | | |  C
D B|B|B| | | | | |R|R D          D  | | | | | | | | |  D
E  | | | | | | | | |R E          E  | | | | | | | | |  E
F  | | | | | | | | |  F          F  | | | | | | | | |  F
G  | | | | | | | | |  G          G  | | | | | | | | |  G
H  | | | | | | | | |  H          H  | | | | | | | | |  H
I  | | | | | | | | |  I          I  | | | | | | | | |  I
J  | | | | | | | | |  J          J  | | | | | | | | |  J
K  | | | | | | | | |  K          K  | | | | | | | | |  K
L  | | | | | | | | |  L          L  | | | | | | | | |  L
M  | | | | | | | | |  M          M  | | | | | | | | |  M
N B| | | | | | | | |  N          N  | | | | | | | | |  N
O B| | | | | | | |R|  O          O  | | | | | | | | |  O
P B|B| | | | | | |R|R P          P  | | | | | | | | |  P
Q  |B| | | | | | |R|  Q          Q  | | | | | | | | |  Q
R  |B| | | | | | | |  R          R  | | | | | | | | |  R
S  |R| | | | | | | |  S          S  | | | | | | | | |  S
T R|R|R| | | | | | |  T          T  | | | | | | | | |  T
  0|1|2|3|4|5|6|7|8|9              0|1|2|3|4|5|6|7|8|9  
________________________________________________________
Player B, which location do you want to hit on Player A's checkerboard?
You found a stack!
Press any key to continue to A's round:
________________________________________________________
Possible actions for Player A:

D Dig in a square
M Move a stack to another square(3 remaining)
S Sonar scan(2 remaining)
Player A, what would you like to do?
________________________________________________________
________________________________________________________
player A's turn:
     Your tree                     Player B's tree
  0|1|2|3|4|5|6|7|8|9              0|1|2|3|4|5|6|7|8|9  
A  | | | | | | | | |  A          A B| | | | | | | | |  A
B  | | | | | | | | |  B          B  | | | | | | | | |  B
C  | | | | | | | | |  C          C  | | | | | | | | |  C
D  | | | | | | | | |  D          D  | | | | | | | | |  D
E  | | | | | | | | |  E          E  | | | | | | | | |  E
F  | | | | | | | | |  F          F  | | | | | | | | |  F
G  | | | | | | | | |  G          G  | | | | | | | | |  G
H  | | | | | | | | |  H          H  | | | | | | | | |  H
I  | | | | | | | | |B I          I  | | | | | | | | |  I
J  | | | | | | | | |B J          J  | | | | | | | | |  J
K  | | | | | | | |B|B K          K  | | | | | | | | |  K
L  | | | | | | | |B|  L          L  | | | | | | | | |  L
M  | | | | | | | |B|  M          M  | | | | | | | | |  M
N  | | | | | | | |B|  N          N  | | | | | | | | |  N
O  | |B|B|B| | | |B|  O          O  | | | | | | | | |  O
P B|B|B| | | | | |B|B P          P  | | | | | | | | |  P
Q R| | | | | | | | |B Q          Q  | | | | | | | | |  Q
R R|R| | | |P|P|P| |B R          R  | | | | | | | | |  R
S R|R|R|R|R|P|P|P|G|G S          S  | | | | | | | | |  S
T R|R|R|R| |P|P|P|G|* T          T  | | | | | | | | |  T
  0|1|2|3|4|5|6|7|8|9              0|1|2|3|4|5|6|7|8|9  
________________________________________________________
Player A, which location do you want to hit on Player B's checkerboard?
You found a stack!
Press any key to continue to B's round:
________________________________________________________
Possible actions for Player B:

D Dig in a square
M Move a stack to another square(2 remaining)
S Sonar scan(3 remaining)
Player B, what would you like to do?
________________________________________________________
________________________________________________________
player B's turn:
     Your tree                     Player A's tree
  0|1|2|3|4|5|6|7|8|9              0|1|2|3|4|5|6|7|8|9  
A *|*|B| | |P|P|P|G|G A          A  | | | | | | | | |  A
B  | |B|B|B|P|P|P|G|G B          B  | | | | | | | | |  B
C  | |B|B|B|P|P|P| |R C          C  | | | | | | | | |  C
D B|B|B| | | | | |R|R D          D  | | | | | | | | |  D
E  | | | | | | | | |R E          E  | | | | | | | | |  E
F  | | | | | | | | |  F          F  | | | | | | | | |  F
G  | | | | | | | | |  G          G  | | | | | | | | |  G
H  | | | | | | | | |  H          H  | | | | | | | | |  H
I  | | | | | | | | |  I          I  | | | | | | | | |  I
J  | | | | | | | | |  J          J  | | | | | | | | |  J
K  | | | | | | | | |  K          K  | | | | | | | | |  K
L  | | | | | | | | |  L          L  | | | | | | | | |  L
M  | | | | | | | | |  M          M  | | | | | | | | |  M
N B| | | | | | | | |  N          N  | | | | | | | | |  N
O B| | | | | | | |R|  O          O  | | | | | | | | |  O
P B|B| | | | | | |R|R P          P  | | | | | | | | |  P
Q  |B| | | | | | |R|  Q          Q  | | | | | | | | |  Q
R  |B| | | | | | | |  R          R  | | | | | | | | |  R
S  |R| | | | | | | |  S          S  | | | | | | | | |  S
T R|R|R| | | | | | |  T          T  | | | | | | | | |G T
  0|1|2|3|4|5|6|7|8|9              0|1|2|3|4|5|6|7|8|9  
________________________________________________________
Player B, which location do you want to hit on Player A's checkerboard?
You missed!
Press any key to continue to A's round:
________________________________________________________
Possible actions for Player A:

D Dig in a square
M Move a stack to another square(3 remaining)
S Sonar scan(2 remaining)
Player A, what would you like to do?
________________________________________________________
________________________________________________________
player A's turn:
     Your tree                     Player B's tree
  0|1|2|3|4|5|6|7|8|9              0|1|2|3|4|5|6|7|8|9  
A  | | | | | | | | |  A          A B|B| | | | | | | |  A
B  | | | | | | | | |  B          B  | | | | | | | | |  B
C  | | | | | | | | |  C          C  | | | | | | | | |  C
D  | | | | | | | | |  D          D  | | | | | | | | |  D
E  | | | | | | | | |  E          E  | | | | | | | | |  E
F  | | | | | | | | |  F          F  | | | | | | | | |  F
G  | | | | | | | | |  G          G  | | | | | | | | |  G
H  | | | | | | | | |  H          H  | | | | | | | | |  H
I  | | | | | | | | |B I          I  | | | | | | | | |  I
J  | | | | | | | | |B J          J  | | | | | | | | |  J
K  | | | | | | | |B|B K          K  | | | | | | | | |  K
L  | | | | | | | |B|  L          L  | | | | | | | | |  L
M  | | | | | | | |B|  M          M  | | | | | | | | |  M
N  | | | | | | | |B|  N          N  | | | | | | | | |  N
O  | |B|B|B| | | |B|  O          O  | | | | | | | | |  O
P B|B|B| | | | | |B|B P          P  | | | | | | | | |  P
Q R| | | | | | | | |B Q          Q  | | | | | | | | |  Q
R R|R| | | |P|P|P| |B R          R  | | | | | | | | |  R
S R|R|R|R|R|P|P|P|G|G S          S  | | | | | | | | |  S
T R|R|R|R| |P|P|P|G|* T          T  | | | | | | | | |  T
  0|1|2|3|4|5|6|7|8|9              0|1|2|3|4|5|6|7|8|9  
________________________________________________________
Player A, which location do you want to hit on Player B's checkerboard?
You found a stack!
Press any key to continue to B's round:
________________________________________________________
Possible actions for Player B:

D Dig in a square
M Move a stack to another square(2 remaining)
S Sonar scan(3 remaining)
Player B, what would you like to do?
________________________________________________________
________________________________________________________
player B's turn:
     Your tree                     Player A's tree
  0|1|2|3|4|5|6|7|8|9              0|1|2|3|4|5|6|7|8|9  
A *|*|*| | |P|P|P|G|G A          A  |X| | | | | | | |  A
B  | |B|B|B|P|P|P|G|G B          B  | | | | | | | | |  B
C  | |B|B|B|P|P|P| |R C          C  | | | | | | | | |  C
D B|B|B| | | | | |R|R D          D  | | | | | | | | |  D
E  | | | | | | | | |R E          E  | | | | | | | | |  E
F  | | | | | | | | |  F          F  | | | | | | | | |  F
G  | | | | | | | | |  G          G  | | | | | | | | |  G
H  | | | | | | | | |  H          H  | | | | | | | | |  H
I  | | | | | | | | |  I          I  | | | | | | | | |  I
J  | | | | | | | | |  J          J  | | | | | | | | |  J
K  | | | | | | | | |  K          K  | | | | | | | | |  K
L  | | | | | | | | |  L          L  | | | | | | | | |  L
M  | | | | | | | | |  M          M  | | | | | | | | |  M
N B| | | | | | | | |  N          N  | | | | | | | | |  N
O B| | | | | | | |R|  O          O  | | | | | | | | |  O
P B|B| | | | | | |R|R P          P  | | | | | | | | |  P
Q  |B| | | | | | |R|  Q          Q  | | | | | | | | |  Q
R  |B| | | | | | | |  R          R  | | | | | | | | |  R
S  |R| | | | | | | |  S          S  | | | | | | | | |  S
T R|R|R| | | | | | |  T          T  | | | | | | | | |G T
  0|1|2|3|4|5|6|7|8|9              0|1|2|3|4|5|6|7|8|9  
________________________________________________________
Player B, which location do you want to hit on Player A's checkerboard?
You missed!
Press any key to continue to A's round:
________________________________________________________
Possible actions for Player A:

D Dig in a square
M Move a stack to another square(3 remaining)
S Sonar scan(2 remaining)
Player A, what would you like to do?
________________________________________________________
________________________________________________________
player A's turn:
     Your tree                     Player B's tree
  0|1|2|3|4|5|6|7|8|9              0|1|2|3|4|5|6|7|8|9  
A  | | | | | | | | |  A          A B|B|B| | | | | | |  A
B  | | | | | | | | |  B          B  | | | | | | | | |  B
C  | | | | | | | | |  C          C  | | | | | | | | |  C
D  | | | | | | | | |  D          D  | | | | | | | | |  D
E  | | | | | | | | |  E          E  | | | | | | | | |  E
F  | | | | | | | | |  F          F  | | | | | | | | |  F
G  | | | | | | | | |  G          G  | | | | | | | | |  G
H  | | | | | | | | |  H          H  | | | | | | | | |  H
I  | | | | | | | | |B I          I  | | | | | | | | |  I
J  | | | | | | | | |B J          J  | | | | | | | | |  J
K  | | | | | | | |B|B K          K  | | | | | | | | |  K
L  | | | | | | | |B|  L          L  | | | | | | | | |  L
M  | | | | | | | |B|  M          M  | | | | | | | | |  M
N  | | | | | | | |B|  N          N  | | | | | | | | |  N
O  | |B|B|B| | | |B|  O          O  | | | | | | | | |  O
P B|B|B| | | | | |B|B P          P  | | | | | | | | |  P
Q R| | | | | | | | |B Q          Q  | | | | | | | | |  Q
R R|R| | | |P|P|P| |B R          R  | | | | | | | | |  R
S R|R|R|R|R|P|P|P|G|G S          S  | | | | | | | | |  S
T R|R|R|R| |P|P|P|G|* T          T  | | | | | | | | |  T
  0|1|2|3|4|5|6|7|8|9              0|1|2|3|4|5|6|7|8|9  
________________________________________________________
Player A, which location do you want to hit on Player B's checkerboard?
Invalid command!
________________________________________________________
Possible actions for Player A:

D Dig in a square
M Move a stack to another square(3 remaining)
S Sonar scan(2 remaining)
Player A, what would you like to do?
________________________________________________________
Invalid command!
________________________________________________________
Possible actions for Player A:

D Dig in a square
M Move a stack to another square(3 remaining)
S Sonar scan(2 remaining)
Player A, what would you like to do?
________________________________________________________
Invalid command!
________________________________________________________
Possible actions for Player A:

D Dig in a square
M Move a stack to another square(3 remaining)
S Sonar scan(2 remaining)
Player A, what would you like to do?
________________________________________________________
________________________________________________________
player A's turn:
     Your tree                     Player B's tree
  0|1|2|3|4|5|6|7|8|9              0|1|2|3|4|5|6|7|8|9  
A  | | | | | | | | |  A          A B|B|B| | | | | | |  A
B  | | | | | | | | |  B          B  | | | | | | | | |  B
C  | | | | | | | | |  C          C  | | | | | | | | |  C
D  | | | | | | | | |  D          D  | | | | | | | | |  D
E  | | | | | | | | |  E          E  | | | | | | | | |  E
F  | | | | | | | | |  F          F  | | | | | | | | |  F
G  | | | | | | | | |  G          G  | | | | | | | | |  G
H  | | | | | | | | |  H          H  | | | | | | | | |  H
I  | | | | | | | | |B I          I  | | | | | | | | |  I
J  | | | | | | | | |B J          J  | | | | | | | | |  J
K  | | | | | | | |B|B K          K  | | | | | | | | |  K
L  | | | | | | | |B|  L          L  | | | | | | | | |  L
M  | | | | | | | |B|  M          M  | | | | | | | | |  M
N  | | | | | | | |B|  N          N  | | | | | | | | |  N
O  | |B|B|B| | | |B|  O          O  | | | | | | | | |  O
P B|B|B| | | | | |B|B P          P  | | | | | | | | |  P
Q R| | | | | | | | |B Q          Q  | | | | | | | | |  Q
R R|R| | | |P|P|P| |B R          R  | | | | | | | | |  R
S R|R|R|R|R|P|P|P|G|G S          S  | | | | | | | | |  S
T R|R|R|R| |P|P|P|G|* T          T  | | | | | | | | |  T
  0|1|2|3|4|5|6|7|8|9              0|1|2|3|4|5|6|7|8|9  
________________________________________________________
Player A, which location do you want to hit on Player B's checkerboard?
You have hit this stack before!
Press any key to continue to B's round:
________________________________________________________
Possible actions for Player B:

D Dig in a square
M Move a stack to another square(2 remaining)
S Sonar scan(3 remaining)
Player B, what would you like to do?
________________________________________________________
________________________________________________________
player B's turn:
     Your tree                     Player A's tree
  0|1|2|3|4|5|6|7|8|9              0|1|2|3|4|5|6|7|8|9  
A *|*|*| | |P|P|P|G|G A          A  |X|X| | | | | | |  A
B  | |B|B|B|P|P|P|G|G B          B  | | | | | | | | |  B
C  | |B|B|B|P|P|P| |R C          C  | | | | | | | | |  C
D B|B|B| | | | | |R|R D          D  | | | | | | | | |  D
E  | | | | | | | | |R E          E  | | | | | | | | |  E
F  | | | | | | | | |  F          F  | | | | | | | | |  F
G  | | | | | | | | |  G          G  | | | | | | | | |  G
H  | | | | | | | | |  H          H  | | | | | | | | |  H
I  | | | | | | | | |  I          I  | | | | | | | | |  I
J  | | | | | | | | |  J          J  | | | | | | | | |  J
K  | | | | | | | | |  K          K  | | | | | | | | |  K
L  | | | | | | | | |  L          L  | | | | | | | | |  L
M  | | | | | | | | |  M          M  | | | | | | | | |  M
N B| | | | | | | | |  N          N  | | | | | | | | |  N
O B| | | | | | | |R|  O          O  | | | | | | | | |  O
P B|B| | | | | | |R|R P          P  | | | | | | | | |  P
Q  |B| | | | | | |R|  Q          Q  | | | | | | | | |  Q
R  |B| | | | | | | |  R          R  | | | | | | | | |  R
S  |R| | | | | | | |  S          S  | | | | | | | | |  S
T R|R|R| | | | | | |  T          T  | | | | | | | | |G T
  0|1|2|3|4|5|6|7|8|9              0|1|2|3|4|5|6|7|8|9  
________________________________________________________
Player B, which location do you want to hit on Player A's checkerboard?
You missed!
Press any key to continue to A's round:
________________________________________________________
Possible actions for Player A:

D Dig in a square
M Move a stack to another square(3 remaining)
S Sonar scan(2 remaining)
Player A, what would you like to do?
________________________________________________________
________________________________________________________
player A's turn:
     Your tree                     Player B's tree
  0|1|2|3|4|5|6|7|8|9              0|1|2|3|4|5|6|7|8|9  
A  | | | | | | | | |  A          A B|B|B| | | | | | |  A
B  | | | | | | | | |  B          B  | | | | | | | | |  B
C  | | | | | | | | |  C          C  | | | | | | | | |  C
D  | | | | | | | | |  D          D  | | | | | | | | |  D
E  | | | | | | | | |  E          E  | | | | | | | | |  E
F  | | | | | | | | |  F          F  | | | | | | | | |  F
G  | | | | | | | | |  G          G  | | | | | | | | |  G
H  | | | | | | | | |  H          H  | | | | | | | | |  H
I  | | | | | | | | |B I          I  | | | | | | | | |  I
J  | | | | | | | | |B J          J  | | | | | | | | |  J
K  | | | | | | | |B|B K          K  | | | | | | | | |  K
L  | | | | | | | |B|  L          L  | | | | | | | | |  L
M  | | | | | | | |B|  M          M  | | | | | | | | |  M
N  | | | | | | | |B|  N          N  | | | | | | | | |  N
O  | |B|B|B| | | |B|  O          O  | | | | | | | | |  O
P B|B|B| | | | | |B|B P          P  | | | | | | | | |  P
Q R| | | | | | | | |B Q          Q  | | | | | | | | |  Q
R R|R| | | |P|P|P| |B R          R  | | | | | | | | |  R
S R|R|R|R|R|P|P|P|G|G S          S  | | | | | | | | |  S
T R|R|R|R| |P|P|P|G|* T          T  | | | | | | | | |  T
  0|1|2|3|4|5|6|7|8|9              0|1|2|3|4|5|6|7|8|9  
________________________________________________________
Player A, which location do you want to hit on Player B's checkerboard?
You found a stack!
Press any key to continue to B's round:
________________________________________________________
Possible actions for Player B:

D Dig in a square
M Move a stack to another square(2 remaining)
S Sonar scan(3 remaining)
Player B, what would you like to do?
________________________________________________________
________________________________________________________
player B's turn:
     Your tree                     Player A's tree
  0|1|2|3|4|5|6|7|8|9              0|1|2|3|4|5|6|7|8|9  
A *|*|*| | |P|P|P|G|G A          A  |X|X| | | | | | |  A
B  | |B|*|B|P|P|P|G|G B          B  | | |X| | | | | |  B
C  | |B|B|B|P|P|P| |R C          C  | | | | | | | | |  C
D B|B|B| | | | | |R|R D          D  | | | | | | | | |  D
E  | | | | | | | | |R E          E  | | | | | | | | |  E
F  | | | | | | | | |  F          F  | | | | | | | | |  F
G  | | | | | | | | |  G          G  | | | | | | | | |  G
H  | | | | | | | | |  H          H  | | | | | | | | |  H
I  | | | | | | | | |  I          I  | | | | | | | | |  I
J  | | | | | | | | |  J          J  | | | | | | | | |  J
K  | | | | | | | | |  K          K  | | | | | | | | |  K
L  | | | | | | | | |  L          L  | | | | | | | | |  L
M  | | | | | | | | |  M          M  | | | | | | | | |  M
N B| | | | | | | | |  N          N  | | | | | | | | |  N
O B| | | | | | | |R|  O          O  | | | | | | | | |  O
P B|B| | | | | | |R|R P          P  | | | | | | | | |  P
Q  |B| | | | | | |R|  Q          Q  | | | | | | | | |  Q
R  |B| | | | | | | |  R          R  | | | | | | | | |  R
S  |R| | | | | | | |  S          S  | | | | | | | | |  S
T R|R|R| | | | | | |  T          T  | | | | | | | | |G T
  0|1|2|3|4|5|6|7|8|9              0|1|2|3|4|5|6|7|8|9  
________________________________________________________
Player B, which location do you want to hit on Player A's checkerboard?
You missed!
Press any key to continue to A's round:
________________________________________________________
Possible actions for Player A:

D Dig in a square
M Move a stack to another square(3 remaining)
S Sonar scan(2 remaining)
Player A, what would you like to do?
________________________________________________________
________________________________________________________
player A's turn:
     Your tree                     Player B's tree
  0|1|2|3|4|5|6|7|8|9              0|1|2|3|4|5|6|7|8|9  
A  | | | | | | | | |  A          A B|B|B| | | | | | |  A
B  | | | | | | | | |  B          B  | | |B| | | | | |  B
C  | | | | | | | | |  C          C  | | | | | | | | |  C
D  | | | | | | | | |  D          D  | | | | | | | | |  D
E  | | | | | | | | |  E          E  | | | | | | | | |  E
F  | | | | | | | | |  F          F  | | | | | | | | |  F
G  | | | | | | | | |  G          G  | | | | | | | | |  G
H  | | | | | | | | |  H          H  | | | | | | | | |  H
I  | | | | | | | | |B I          I  | | | | | | | | |  I
J  | | | | | | | | |B J          J  | | | | | | | | |  J
K  | | | | | | | |B|B K          K  | | | | | | | | |  K
L  | | | | | | | |B|  L          L  | | | | | | | | |  L
M  | | | | | | | |B|  M          M  | | | | | | | | |  M
N  | | | | | | | |B|  N          N  | | | | | | | | |  N
O  | |B|B|B| | | |B|  O          O  | | | | | | | | |  O
P B|B|B| | | | | |B|B P          P  | | | | | | | | |  P
Q R| | | | | | | | |B Q          Q  | | | | | | | | |  Q
R R|R| | | |P|P|P| |B R          R  | | | | | | | | |  R
S R|R|R|R|R|P|P|P|G|G S          S  | | | | | | | | |  S
T R|R|R|R| |P|P|P|G|* T          T  | | | | | | | | |  T
  0|1|2|3|4|5|6|7|8|9              0|1|2|3|4|5|6|7|8|9  
________________________________________________________
Player A, which location do you want to hit on Player B's checkerboard?
You found a stack!
Press any key to continue to B's round:
________________________________________________________
Possible actions for Player B:

D Dig in a square
M Move a stack to another square(2 remaining)
S Sonar scan(3 remaining)
Player B, what would you like to do?
________________________________________________________
________________________________________________________
player B's turn:
     Your tree                     Player A's tree
  0|1|2|3|4|5|6|7|8|9              0|1|2|3|4|5|6|7|8|9  
A *|*|*| | |P|P|P|G|G A          A  |X|X| | | | | | |  A
B  | |B|*|*|P|P|P|G|G B          B  | | |X|X| | | | |  B
C  | |B|B|B|P|P|P| |R C          C  | | | | | | | | |  C
D B|B|B| | | | | |R|R D          D  | | | | | | | | |  D
E  | | | | | | | | |R E          E  | | | | | | | | |  E
F  | | | | | | | | |  F          F  | | | | | | | | |  F
G  | | | | | | | | |  G          G  | | | | | | | | |  G
H  | | | | | | | | |  H          H  | | | | | | | | |  H
I  | | | | | | | | |  I          I  | | | | | | | | |  I
J  | | | | | | | | |  J          J  | | | | | | | | |  J
K  | | | | | | | | |  K          K  | | | | | | | | |  K
L  | | | | | | | | |  L          L  | | | | | | | | |  L
M  | | | | | | | | |  M          M  | | | | | | | | |  M
N B| | | | | | | | |  N          N  | | | | | | | | |  N
O B| | | | | | | |R|  O          O  | | | | | | | | |  O
P B|B| | | | | | |R|R P          P  | | | | | | | | |  P
Q  |B| | | | | | |R|  Q          Q  | | | | | | | | |  Q
R  |B| | | | | | | |  R          R  | | | | | | | | |  R
S  |R| | | | | | | |  S          S  | | | | | | | | |  S
T R|R|R| | | | | | |  T          T  | | | | | | | | |G T
  0|1|2|3|4|5|6|7|8|9              0|1|2|3|4|5|6|7|8|9  
________________________________________________________
Player B, which location do you want to hit on Player A's checkerboard?
You missed!
Press any key to continue to A's round:
________________________________________________________
Possible actions for Player A:

D Dig in a square
M Move a stack to another square(3 remaining)
S Sonar scan(2 remaining)
Player A, what would you like to do?
________________________________________________________
________________________________________________________
player A's turn:
     Your tree                     Player B's tree
  0|1|2|3|4|5|6|7|8|9              0|1|2|3|4|5|6|7|8|9  
A  | | | | | | | | |  A          A B|B|B| | | | | | |  A
B  | | | | | | | | |  B          B  | | |B|B| | | | |  B
C  | | | | | | | | |  C          C  | | | | | | | | |  C
D  | | | | | | | | |  D          D  | | | | | | | | |  D
E  | | | | | | | | |  E          E  | | | | | | | | |  E
F  | | | | | | | | |  F          F  | | | | | | | | |  F
G  | | | | | | | | |  G          G  | | | | | | | | |  G
H  | | | | | | | | |  H          H  | | | | | | | | |  H
I  | | | | | | | | |B I          I  | | | | | | | | |  I
J  | | | | | | | | |B J          J  | | | | | | | | |  J
K  | | | | | | | |B|B K          K  | | | | | | | | |  K
L  | | | | | | | |B|  L          L  | | | | | | | | |  L
M  | | | | | | | |B|  M          M  | | | | | | | | |  M
N  | | | | | | | |B|  N          N  | | | | | | | | |  N
O  | |B|B|B| | | |B|  O          O  | | | | | | | | |  O
P B|B|B| | | | | |B|B P          P  | | | | | | | | |  P
Q R| | | | | | | | |B Q          Q  | | | | | | | | |  Q
R R|R| | | |P|P|P| |B R          R  | | | | | | | | |  R
S R|R|R|R|R|P|P|P|G|G S          S  | | | | | | | | |  S
T R|R|R|R| |P|P|P|G|* T          T  | | | | | | | | |  T
  0|1|2|3|4|5|6|7|8|9              0|1|2|3|4|5|6|7|8|9  
________________________________________________________
Player A, which location do you want to hit on Player B's checkerboard?
You found a stack!
Press any key to continue to B's round:
________________________________________________________
Possible actions for Player B:

D Dig in a square
M Move a stack to another square(2 remaining)
S Sonar scan(3 remaining)
Player B, what would you like to do?
________________________________________________________
________________________________________________________
player B's turn:
     Your tree                     Player A's tree
  0|1|2|3|4|5|6|7|8|9              0|1|2|3|4|5|6|7|8|9  
A *|*|*| | |*|P|P|G|G A          A  |X|X| | |X| | | |  A
B  | |B|*|*|P|P|P|G|G B          B  | | |X|X| | | | |  B
C  | |B|B|B|P|P|P| |R C          C  | | | | | | | | |  C
D B|B|B| | | | | |R|R D          D  | | | | | | | | |  D
E  | | | | | | | | |R E          E  | | | | | | | | |  E
F  | | | | | | | | |  F          F  | | | | | | | | |  F
G  | | | | | | | | |  G          G  | | | | | | | | |  G
H  | | | | | | | | |  H          H  | | | | | | | | |  H
I  | | | | | | | | |  I          I  | | | | | | | | |  I
J  | | | | | | | | |  J          J  | | | | | | | | |  J
K  | | | | | | | | |  K          K  | | | | | | | | |  K
L  | | | | | | | | |  L          L  | | | | | | | | |  L
M  | | | | | | | | |  M          M  | | | | | | | | |  M
N B| | | | | | | | |  N          N  | | | | | | | | |  N
O B| | | | | | | |R|  O          O  | | | | | | | | |  O
P B|B| | | | | | |R|R P          P  | | | | | | | | |  P
Q  |B| | | | | | |R|  Q          Q  | | | | | | | | |  Q
R  |B| | | | | | | |  R          R  | | | | | | | | |  R
S  |R| | | | | | | |  S          S  | | | | | | | | |  S
T R|R|R| | | | | | |  T          T  | | | | | | | | |G T
  0|1|2|3|4|5|6|7|8|9              0|1|2|3|4|5|6|7|8|9  
________________________________________________________
Player B, which location do you want to hit on Player A's checkerboard?
You missed!
Press any key to continue to A's round:
________________________________________________________
Possible actions for Player A:

D Dig in a square
M Move a stack to another square(3 remaining)
S Sonar scan(2 remaining)
Player A, what would you like to do?
________________________________________________________
________________________________________________________
player A's turn:
     Your tree                     Player B's tree
  0|1|2|3|4|5|6|7|8|9              0|1|2|3|4|5|6|7|8|9  
A  | | | | | | | | |  A          A B|B|B| | |P| | | |  A
B  | | | | | | | | |  B          B  | | |B|B| | | | |  B
C  | | | | | | | | |  C          C  | | | | | | | | |  C
D  | | | | | | | | |  D          D  | | | | | | | | |  D
E  | | | | | | | | |  E          E  | | | | | | | | |  E
F  | | | | | | | | |  F          F  | | | | | | | | |  F
G  | | | | | | | | |  G          G  | | | | | | | | |  G
H  | | | | | | | | |  H          H  | | | | | | | | |  H
I  | | | | | | | | |B I          I  | | | | | | | | |  I
J  | | | | | | | | |B J          J  | | | | | | | | |  J
K  | | | | | | | |B|B K          K  | | | | | | | | |  K
L  | | | | | | | |B|  L          L  | | | | | | | | |  L
M  | | | | | | | |B|  M          M  | | | | | | | | |  M
N  | | | | | | | |B|  N          N  | | | | | | | | |  N
O  | |B|B|B| | | |B|  O          O  | | | | | | | | |  O
P B|B|B| | | | | |B|B P          P  | | | | | | | | |  P
Q R| | | | | | | | |B Q          Q  | | | | | | | | |  Q
R R|R| | | |P|P|P| |B R          R  | | | | | | | | |  R
S R|R|R|R|R|P|P|P|G|G S          S  | | | | | | | | |  S
T R|R|R|R| |P|P|P|G|* T          T  | | | | | | | | |  T
  0|1|2|3|4|5|6|7|8|9              0|1|2|3|4|5|6|7|8|9  
________________________________________________________
Player A, which location do you want to hit on Player B's checkerboard?
You found a stack!
Press any key to continue to B's round:
________________________________________________________
Possible actions for Player B:

D Dig in a square
M Move a stack to another square(2 remaining)
S Sonar scan(3 remaining)
Player B, what would you like to do?
________________________________________________________
________________________________________________________
player B's turn:
     Your tree                     Player A's tree
  0|1|2|3|4|5|6|7|8|9              0|1|2|3|4|5|6|7|8|9  
A *|*|*| | |*|*|P|G|G A          A  |X|X| | |X|X| | |  A
B  | |B|*|*|P|P|P|G|G B          B  | | |X|X| | | | |  B
C  | |B|B|B|P|P|P| |R C          C  | | | | | | | | |  C
D B|B|B| | | | | |R|R D          D  | | | | | | | | |  D
E  | | | | | | | | |R E          E  | | | | | | | | |  E
F  | | | | | | | | |  F          F  | | | | | | | | |  F
G  | | | | | | | | |  G          G  | | | | | | | | |  G
H  | | | | | | | | |  H          H  | | | | | | | | |  H
I  | | | | | | | | |  I          I  | | | | | | | | |  I
J  | | | | | | | | |  J          J  | | | | | | | | |  J
K  | | | | | | | | |  K          K  | | | | | | | | |  K
L  | | | | | | | | |  L          L  | | | | | | | | |  L
M  | | | | | | | | |  M          M  | | | | | | | | |  M
N B| | | | | | | | |  N          N  | | | | | | | | |  N
O B| | | | | | | |R|  O          O  | | | | | | | | |  O
P B|B| | | | | | |R|R P          P  | | | | | | | | |  P
Q  |B| | | | | | |R|  Q          Q  | | | | | | | | |  Q
R  |B| | | | | | | |  R          R  | | | | | | | | |  R
S  |R| | | | | | | |  S          S  | | | | | | | | |  S
T R|R|R| | | | | | |  T          T  | | | | | | | | |G T
  0|1|2|3|4|5|6|7|8|9              0|1|2|3|4|5|6|7|8|9  
________________________________________________________
Player B, which location do you want to hit on Player A's checkerboard?
You missed!
Press any key to continue to A's round:
________________________________________________________
Possible actions for Player A:

D Dig in a square
M Move a stack to another square(3 remaining)
S Sonar scan(2 remaining)
Player A, what would you like to do?
________________________________________________________
________________________________________________________
player A's turn:
     Your tree                     Player B's tree
  0|1|2|3|4|5|6|7|8|9              0|1|2|3|4|5|6|7|8|9  
[...]
The computer player B hit a stack that has been hit!
The computer player A missed!
The computer player B missed!
The computer player A hit a stack that has been hit!
The computer player B missed!
The computer player A missed!
The computer player B missed!
The computer player A hit a stack that has been hit!
The computer player B hit a stack that has been hit!
The computer player A missed!
The computer player B hit a stack that has been hit!
The computer player A missed!
The computer player B missed!
The computer player A missed!
The computer player B missed!
The computer player A missed!
The computer player B missed!
The computer player A missed!
The computer player B missed!
The computer player A missed!
The computer player B found a Green stack at S0!
The computer player A missed!
The computer player B hit a stack that has been hit!
The computer player A missed!
The computer player B missed!
The computer player A missed!
The computer player B found a Blue stack at E6!
The computer player A missed!
The computer player B hit a stack that has been hit!
The computer player A missed!
The computer player B missed!
The computer player A missed!
The computer player B missed!
The computer player A found a Blue stack at L8!
The computer player B missed!
The computer player A hit a stack that has been hit!
The computer player B missed!
The computer player A missed!
The computer player B missed!
The computer player A missed!
The computer player B missed!
The computer player A hit a stack that has been hit!
The computer player B missed!
The computer player A missed!
The computer player B missed!
The computer player A missed!
The computer player B missed!
The computer player A missed!
The computer player B missed!
The computer player A found a Blue stack at L9!
The computer player B missed!
The computer player A missed!
The computer player B missed!
The computer player A missed!
The computer player B missed!
The computer player A missed!
The computer player B missed!
The computer player A missed!
The computer player B missed!
The computer player A missed!
The computer player B missed!
The computer player A hit a stack that has been hit!
The computer player B hit a stack that has been hit!
The computer player A missed!
The computer player B missed!
The computer player A missed!
The computer player B missed!
The computer player A missed!
The computer player B missed!
The computer player A hit a stack that has been hit!
The computer player B missed!
The computer player A missed!
The computer player B missed!
The computer player A missed!
The computer player B missed!
The computer player A missed!
The computer player B missed!
The computer player A missed!
The computer player B missed!
The computer player A missed!
The computer player B found a Green stack at S9!
The computer player A missed!
The computer player B missed!
The computer player A missed!
The computer player B missed!
The computer player A missed!
The computer player B missed!
The computer player A missed!
The computer player B missed!
The computer player A missed!
The computer player B missed!
The computer player A hit a stack that has been hit!
The computer player B found a Blue stack at R5!
The computer player A missed!
The computer player B missed!
The computer player A missed!
The computer player B missed!
The computer player A missed!
The computer player B missed!
The computer player A missed!
The computer player B missed!
The computer player A missed!
The computer player B missed!
The computer player A missed!
The computer player B missed!
The computer player A missed!
The computer player B missed!
The computer player A missed!
The computer player B missed!
The computer player A missed!
The computer player B found a Blue stack at R4!
The computer player A missed!
The computer player B hit a stack that has been hit!
The computer player A missed!
The computer player B missed!
The computer player A missed!
The computer player B hit a stack that has been hit!
The computer player A hit a stack that has been hit!
The computer player B hit a stack that has been hit!
The computer player A hit a stack that has been hit!
The computer player B hit a stack that has been hit!
The computer player A missed!
The computer player B missed!
The computer player A missed!
The computer player B found a Green stack at T9!
The computer player A missed!
The computer player B missed!
The computer player A missed!
The computer player B missed!
The computer player A missed!
The computer player B hit a stack that has been hit!
The computer player A missed!
The computer player B missed!
The computer player A missed!
The computer player B hit a stack that has been hit!
The computer player A hit a stack that has been hit!
The computer player B missed!
The computer player A missed!
The computer player B missed!
The computer player A missed!
The computer player B missed!
The computer player A missed!
The computer player B missed!
The computer player A hit a stack that has been hit!
The computer player B missed!
The computer player A missed!
The computer player B hit a stack that has been hit!
The computer player A missed!
The computer player B hit a stack that has been hit!
The computer player A missed!
The computer player B missed!
The computer player A missed!
The computer player B missed!
The computer player A missed!
The computer player B missed!
The computer player A missed!
The computer player B missed!
The computer player A missed!
The computer player B missed!
The computer player A missed!
The computer player B hit a stack that has been hit!
The computer player A hit a stack that has been hit!
The computer player B missed!
The computer player A missed!
The computer player B hit a stack that has been hit!
The computer player A hit a stack that has been hit!
The computer player B missed!
The computer player A hit a stack that has been hit!
The computer player B missed!
The computer player A missed!
The computer player B missed!
The computer player A missed!
The computer player B missed!
The computer player A missed!
The computer player B found a Blue stack at E5!
The computer player A missed!
The computer player B missed!
The computer player A missed!
The computer player B missed!
The computer player A hit a stack that has been hit!
The computer player B hit a stack that has been hit!
The computer player A hit a stack that has been hit!
The computer player B missed!
The computer player A missed!
The computer player B missed!
The computer player A hit a stack that has been hit!
The computer player B missed!
The computer player A hit a stack that has been hit!
The computer player B missed!
The computer player A hit a stack that has been hit!
The computer player B missed!
The computer player A missed!
The computer player B missed!
The computer player A missed!
The computer player B missed!
The computer player A missed!
The computer player B hit a stack that has been hit!
The computer player A missed!
The computer player B missed!
The computer player A missed!
The computer player B hit a stack that has been hit!
The computer player A missed!
The computer player B missed!
The computer player A hit a stack that has been hit!
The computer player B missed!
The computer player A missed!
The computer player B missed!
The computer player A missed!
The computer player B missed!
The computer player A missed!
The computer player B missed!
The computer player A missed!
The computer player B missed!
The computer player A missed!
The computer player B missed!
The computer player A missed!
The computer player B missed!
The computer player A missed!
The computer player B missed!
The computer player A missed!
The computer player B hit a stack that has been hit!
The computer player A missed!
The computer player B missed!
The computer player A missed!
The computer player B missed!
The computer player A missed!
The computer player B missed!
The computer player A hit a stack that has been hit!
The computer player B missed!
The computer player A missed!
The computer player B missed!
The computer player A missed!
The computer player B found a Blue stack at I4!
The computer player A missed!
The computer player B missed!
The computer player A hit a stack that has been hit!
The computer player B missed!
The computer player A missed!
The computer player B missed!
The computer player A missed!
The computer player B missed!
The computer player A missed!
The computer player B hit a stack that has been hit!
The computer player A missed!
The computer player B hit a stack that has been hit!
The computer player A missed!
The computer player B missed!
The computer player A hit a stack that has been hit!
The computer player B missed!
The computer player A missed!
The computer player B hit a stack that has been hit!
The computer player A missed!
The computer player B missed!
The computer player A missed!
The computer player B missed!
The computer player A missed!
The computer player B missed!
The computer player A missed!
The computer player B missed!
The computer player A missed!
The computer player B missed!
The computer player A missed!
The computer player B hit a stack that has been hit!
The computer player A missed!
The computer player B missed!
The computer player A missed!
The computer player B missed!
The computer player A missed!
The computer player B missed!
The computer player A hit a stack that has been hit!
The computer player B missed!
The computer player A missed!
The computer player B hit a stack that has been hit!
The computer player A missed!
The computer player B hit a stack that has been hit!
The computer player A missed!
The computer player B missed!
The computer player A missed!
The computer player B missed!
The computer player A missed!
The computer player B hit a stack that has been hit!
The computer player A missed!
The computer player B missed!
The computer player A hit a stack that has been hit!
The computer player B missed!
The computer player A missed!
The computer player B hit a stack that has been hit!
The computer player A missed!
The computer player B missed!
The computer player A missed!
The computer player B missed!
The computer player A missed!
The computer player B missed!
The computer player A missed!
The computer player B missed!
The computer player A missed!
The computer player B missed!
The computer player A missed!
The computer player B missed!
The computer player A hit a stack that has been hit!
The computer player B missed!
The computer player A missed!
The computer player B hit a stack that has been hit!
The computer player A hit a stack that has been hit!
The computer player B missed!
The computer player A missed!
The computer player B missed!
The computer player A missed!
The computer player B hit a stack that has been hit!
The computer player A missed!
The computer player B missed!
The computer player A missed!
The computer player B missed!
The computer player A missed!
The computer player B missed!
The computer player A missed!
The computer player B hit a stack that has been hit!
The computer player A missed!
The computer player B missed!
The computer player A missed!
The computer player B hit a stack that has been hit!
The computer player A missed!
The computer player B missed!
The computer player A missed!
The computer player B missed!
The computer player A missed!
The computer player B missed!
The computer player A missed!
The computer player B hit a stack that has been hit!
The computer player A missed!
The computer player B missed!
The computer player A hit a stack that has been hit!
The computer player B hit a stack that has been hit!
The computer player A missed!
The computer player B missed!
The computer player A missed!
The computer player B missed!
The computer player A missed!
The computer player B hit a stack that has been hit!
The computer player A missed!
The computer player B hit a stack that has been hit!
The computer player A missed!
The computer player B missed!
The computer player A missed!
The computer player B hit a stack that has been hit!
The computer player A missed!
The computer player B hit a stack that has been hit!
The computer player A missed!
The computer player B missed!
The computer player A missed!
The computer player B hit a stack that has been hit!
The computer player A missed!
The computer player B missed!
The computer player A hit a stack that has been hit!
The computer player B missed!
The computer player A missed!
The computer player B found a Blue stack at R6!
The computer player A hit a stack that has been hit!
The computer player B missed!
The computer player A missed!
The computer player B missed!
The computer player A hit a stack that has been hit!
The computer player B missed!
The computer player A missed!
The computer player B missed!
The computer player A hit a stack that has been hit!
The computer player B missed!
The computer player A hit a stack that has been hit!
The computer player B missed!
The computer player A missed!
The computer player B missed!
The computer player A missed!
The computer player B missed!
The computer player A missed!
The computer player B missed!
The computer player A hit a stack that has been hit!
The computer player B missed!
The computer player A hit a stack that has been hit!
The computer player B hit a stack that has been hit!
The computer player A missed!
The computer player B hit a stack that has been hit!
The computer player A missed!
The computer player B missed!
The computer player A missed!
The computer player B hit a stack that has been hit!
The computer player A missed!
The computer player B missed!
The computer player A missed!
The computer player B missed!
The computer player A hit a stack that has been hit!
The computer player B hit a stack that has been hit!
The computer player A missed!
The computer player B missed!
The computer player A hit a stack that has been hit!
The computer player B missed!
The computer player A hit a stack that has been hit!
The computer player B missed!
The computer player A missed!
The computer player B missed!
The computer player A hit a stack that has been hit!
The computer player B hit a stack that has been hit!
The computer player A missed!
The computer player B missed!
The computer player A missed!
The computer player B missed!
The computer player A missed!
The computer player B missed!
The computer player A missed!
The computer player B missed!
The computer player A missed!
The computer player B hit a stack that has been hit!
The computer player A missed!
The computer player B hit a stack that has been hit!
The computer player A missed!
The computer player B hit a stack that has been hit!
The computer player A hit a stack that has been hit!
The computer player B missed!
The computer player A missed!
The computer player B missed!
The computer player A missed!
The computer player B missed!
The computer player A missed!
The computer player B missed!
The computer player A missed!
The computer player B hit a stack that has been hit!
The computer player A hit a stack that has been hit!
The computer player B missed!
The computer player A missed!
The computer player B missed!
The computer player A missed!
The computer player B missed!
The computer player A missed!
The computer player B missed!
The computer player A missed!
The computer player B missed!
The computer player A hit a stack that has been hit!
The computer player B missed!
The computer player A missed!
The computer player B missed!
The computer player A missed!
The computer player B missed!
The computer player A missed!
The computer player B missed!
The computer player A missed!
The computer player B missed!
The computer player A hit a stack that has been hit!
The computer player B missed!
The computer player A hit a stack that has been hit!
The computer player B missed!
The computer player A hit a stack that has been hit!
The computer player B missed!
The computer player A hit a stack that has been hit!
The computer player B missed!
The computer player A hit a stack that has been hit!
The computer player B missed!
The computer player A found a Blue stack at I3!
The computer player B missed!
The computer player A missed!
The computer player B missed!
The computer player A missed!
The computer player B missed!
The computer player A missed!
The computer player B missed!
The computer player A missed!
The computer player B found a Red stack at O3!
The computer player A missed!
The computer player B missed!
The computer player A missed!
The computer player B missed!
The computer player A hit a stack that has been hit!
The computer player B missed!
The computer player A missed!
The computer player B missed!
The computer player A missed!
The computer player B missed!
The computer player A missed!
The computer player B missed!
The computer player A missed!
The computer player B missed!
The computer player A missed!
The computer player B missed!
The computer player A hit a stack that has been hit!
The computer player B missed!
The computer player A hit a stack that has been hit!
The computer player B hit a stack that has been hit!
The computer player A hit a stack that has been hit!
The computer player B missed!
The computer player A missed!
The computer player B missed!
The computer player A missed!
The computer player B missed!
The computer player A missed!
The computer player B missed!
The computer player A missed!
The computer player B missed!
The computer player A missed!
The computer player B missed!
The computer player A missed!
The computer player B missed!
The computer player A hit a stack that has been hit!
The computer player B hit a stack that has been hit!
The computer player A missed!
The computer player B hit a stack that has been hit!
The computer player A missed!
The computer player B hit a stack that has been hit!
The computer player A missed!
The computer player B missed!
The computer player A missed!
The computer player B missed!
The computer player A missed!
The computer player B missed!
The computer player A missed!
The computer player B missed!
The computer player A missed!
The computer player B missed!
The computer player A missed!
The computer player B missed!
The computer player A missed!
The computer player B missed!
The computer player A missed!
The computer player B missed!
The computer player A hit a stack that has been hit!
The computer player B missed!
The computer player A missed!
The computer player B missed!
The computer player A missed!
The computer player B missed!
The computer player A missed!
The computer player B found a Blue stack at G5!
The computer player A missed!
The computer player B missed!
The computer player A missed!
The computer player B missed!
The computer player A hit a stack that has been hit!
The computer player B missed!
The computer player A hit a stack that has been hit!
The computer player B missed!
The computer player A missed!
The computer player B missed!
The computer player A hit a stack that has been hit!
The computer player B missed!
The computer player A missed!
The computer player B hit a stack that has been hit!
The computer player A missed!
The computer player B missed!
The computer player A missed!
The computer player B missed!
The computer player A missed!
The computer player B missed!
The computer player A missed!
The computer player B missed!
The computer player A missed!
The computer player B missed!
The computer player A missed!
The computer player B hit a stack that has been hit!
The computer player A missed!
The computer player B hit a stack that has been hit!
The computer player A missed!
The computer player B missed!
The computer player A hit a stack that has been hit!
The computer player B missed!
The computer player A missed!
The computer player B missed!
The computer player A missed!
The computer player B missed!
The computer player A hit a stack that has been hit!
The computer player B found a Blue stack at G3!
Congratulations to Player B. You won the game!
]]></system-out>
  <system-err><![CDATA[]]></system-err>
</testsuite>
